Using pre-set license
Built from '2020.3/staging' branch; Version is '2020.3.42f1 (7ade1201f527) revision 8052242'; Using compiler version '192528614'; Build Type 'Release'
OS: 'Windows 10  (10.0.19045) 64bit Professional' Language: 'de' Physical Memory: 16317 MB
BatchMode: 1, IsHumanControllingUs: 0, StartBugReporterOnCrash: 0, Is64bit: 1, IsPro: 0

COMMAND LINE ARGUMENTS:
C:\Program Files\Unity\Hub\Editor\2020.3.42f1\Editor\Unity.exe
-adb2
-batchMode
-noUpm
-name
AssetImportWorker0
-projectPath
H:/Sports games/endless spawner
-logFile
Logs/AssetImportWorker0.log
-srvPort
55607
Successfully changed project path to: H:/Sports games/endless spawner
H:/Sports games/endless spawner
Using Asset Import Pipeline V2.
Refreshing native plugins compatible for Editor in 105.64 ms, found 2 plugins.
Preloading 0 native plugins for Editor in 0.00 ms.
Initialize engine version: 2020.3.42f1 (7ade1201f527)
[Subsystems] Discovering subsystems at path C:/Program Files/Unity/Hub/Editor/2020.3.42f1/Editor/Data/Resources/UnitySubsystems
[Subsystems] Discovering subsystems at path H:/Sports games/endless spawner/Assets
GfxDevice: creating device client; threaded=0
Direct3D:
    Version:  Direct3D 11.0 [level 11.1]
    Renderer: NVIDIA GeForce RTX 2070 (ID=0x1f02)
    Vendor:   
    VRAM:     8031 MB
    Driver:   31.0.15.1694
Initialize mono
Mono path[0] = 'C:/Program Files/Unity/Hub/Editor/2020.3.42f1/Editor/Data/Managed'
Mono path[1] = 'C:/Program Files/Unity/Hub/Editor/2020.3.42f1/Editor/Data/MonoBleedingEdge/lib/mono/unityjit'
Mono config path = 'C:/Program Files/Unity/Hub/Editor/2020.3.42f1/Editor/Data/MonoBleedingEdge/etc'
Using monoOptions --debugger-agent=transport=dt_socket,embedding=1,server=y,suspend=n,address=127.0.0.1:56648
Begin MonoManager ReloadAssembly
Registering precompiled unity dll's ...
Register platform support module: C:/Program Files/Unity/Hub/Editor/2020.3.42f1/Editor/Data/PlaybackEngines/MacStandaloneSupport/UnityEditor.OSXStandalone.Extensions.dll
Register platform support module: C:/Program Files/Unity/Hub/Editor/2020.3.42f1/Editor/Data/PlaybackEngines/WindowsStandaloneSupport/UnityEditor.WindowsStandalone.Extensions.dll
Registered in 0.004878 seconds.
Native extension for WindowsStandalone target not found
Native extension for OSXStandalone target not found
Refreshing native plugins compatible for Editor in 106.42 ms, found 2 plugins.
Preloading 0 native plugins for Editor in 0.00 ms.
Mono: successfully reloaded assembly
- Completed reload, in  0.909 seconds
Domain Reload Profiling:
	ReloadAssembly (909ms)
		BeginReloadAssembly (105ms)
			ExecutionOrderSort (0ms)
			DisableScriptedObjects (0ms)
			BackupInstance (0ms)
			ReleaseScriptingObjects (0ms)
			CreateAndSetChildDomain (1ms)
		EndReloadAssembly (683ms)
			LoadAssemblies (102ms)
			RebuildTransferFunctionScriptingTraits (0ms)
			SetupTypeCache (205ms)
			ReleaseScriptCaches (0ms)
			RebuildScriptCaches (45ms)
			SetupLoadedEditorAssemblies (292ms)
				LogAssemblyErrors (0ms)
				InitializePlatformSupportModulesInManaged (8ms)
				SetLoadedEditorAssemblies (1ms)
				RefreshPlugins (107ms)
				BeforeProcessingInitializeOnLoad (21ms)
				ProcessInitializeOnLoadAttributes (116ms)
				ProcessInitializeOnLoadMethodAttributes (39ms)
				AfterProcessingInitializeOnLoad (0ms)
				EditorAssembliesLoaded (0ms)
			ExecutionOrderSort2 (0ms)
			AwakeInstancesAfterBackupRestoration (0ms)
Platform modules already initialized, skipping
Registering precompiled user dll's ...
Registered in 0.015672 seconds.
Begin MonoManager ReloadAssembly
Native extension for WindowsStandalone target not found
Native extension for OSXStandalone target not found
Refreshing native plugins compatible for Editor in 0.96 ms, found 2 plugins.
Preloading 0 native plugins for Editor in 0.00 ms.
Mono: successfully reloaded assembly
- Completed reload, in  1.407 seconds
Domain Reload Profiling:
	ReloadAssembly (1412ms)
		BeginReloadAssembly (209ms)
			ExecutionOrderSort (0ms)
			DisableScriptedObjects (6ms)
			BackupInstance (0ms)
			ReleaseScriptingObjects (0ms)
			CreateAndSetChildDomain (24ms)
		EndReloadAssembly (1111ms)
			LoadAssemblies (138ms)
			RebuildTransferFunctionScriptingTraits (0ms)
			SetupTypeCache (366ms)
			ReleaseScriptCaches (1ms)
			RebuildScriptCaches (54ms)
			SetupLoadedEditorAssemblies (460ms)
				LogAssemblyErrors (0ms)
				InitializePlatformSupportModulesInManaged (7ms)
				SetLoadedEditorAssemblies (1ms)
				RefreshPlugins (1ms)
				BeforeProcessingInitializeOnLoad (108ms)
				ProcessInitializeOnLoadAttributes (277ms)
				ProcessInitializeOnLoadMethodAttributes (52ms)
				AfterProcessingInitializeOnLoad (14ms)
				EditorAssembliesLoaded (0ms)
			ExecutionOrderSort2 (0ms)
			AwakeInstancesAfterBackupRestoration (3ms)
Platform modules already initialized, skipping
========================================================================
Worker process is ready to serve import requests
Launched and connected shader compiler UnityShaderCompiler.exe after 0.07 seconds
Refreshing native plugins compatible for Editor in 1.04 ms, found 2 plugins.
Preloading 0 native plugins for Editor in 0.00 ms.
Unloading 1495 Unused Serialized files (Serialized files now loaded: 0)
System memory in use before: 74.2 MB.
System memory in use after: 74.2 MB.

Unloading 17 unused Assets to reduce memory usage. Loaded Objects now: 1932.
Total: 3.699200 ms (FindLiveObjects: 0.196800 ms CreateObjectMapping: 0.044400 ms MarkObjects: 3.277500 ms  DeleteObjects: 0.178900 ms)

AssetImportParameters requested are different than current active one (requested -> active):
  custom:framework-win-MediaFoundation: 216162199b28c13a410421893ffa2e32 -> 
  custom:video-decoder-ogg-theora: a1e56fd34408186e4bbccfd4996cb3dc -> 
  custom:container-muxer-webm: aa71ff27fc2769a1b78a27578f13a17b -> 
  custom:container-demuxer-webm: 4f35f7cbe854078d1ac9338744f61a02 -> 
  custom:container-demuxer-ogg: 62fdf1f143b41e24485cea50d1cbac27 -> 
  custom:video-encoder-webm-vp8: eb34c28f22e8b96e1ab97ce403110664 -> 
  custom:video-codec-MediaFoundation-h265: 746d11721c4dcdbdad8f713fa42b33f4 -> 
  custom:video-decoder-webm-vp8: 9c59270c3fd7afecdb556c50c9e8de78 -> 
  custom:audio-decoder-ogg-vorbis: bf7c407c2cedff20999df2af8eb42d56 -> 
  custom:audio-encoder-webm-vorbis: bf7c407c2cedff20999df2af8eb42d56 -> 
========================================================================
Received Import Request.
  path: Assets/New Material 1.mat
  artifactKey: Guid(1832da20cf4a4254e8fd831fb6e67888) Importer(815301076,1909f56bfc062723c751e8b465ee728b)
Start importing Assets/New Material 1.mat using Guid(1832da20cf4a4254e8fd831fb6e67888) Importer(815301076,1909f56bfc062723c751e8b465ee728b)  -> (artifact id: '0aff7f1a278a9196109fb5a86195ed38') in 0.160461 seconds 
========================================================================
Received Import Request.
  Time since last request: 0.000407 seconds.
  path: Assets/New Material 2.mat
  artifactKey: Guid(15867ef27867e96418f196674e89cdc8) Importer(815301076,1909f56bfc062723c751e8b465ee728b)
Start importing Assets/New Material 2.mat using Guid(15867ef27867e96418f196674e89cdc8) Importer(815301076,1909f56bfc062723c751e8b465ee728b)  -> (artifact id: 'b786409cea50ba91323833a92c3fc50d') in 0.019390 seconds 
========================================================================
Received Import Request.
  Time since last request: 26.805375 seconds.
  path: Assets/New Material 3.mat
  artifactKey: Guid(d8aa875f4d554114fb2f2b277d5fa7e5) Importer(815301076,1909f56bfc062723c751e8b465ee728b)
Start importing Assets/New Material 3.mat using Guid(d8aa875f4d554114fb2f2b277d5fa7e5) Importer(815301076,1909f56bfc062723c751e8b465ee728b)  -> (artifact id: 'f3bd20fed1f4ee1c60518ba1f3e3fd05') in 0.012573 seconds 
========================================================================
Received Import Request.
  Time since last request: 0.629009 seconds.
  path: Assets/New Material 4.mat
  artifactKey: Guid(233a2b040229ff24bb5884c265d6d606) Importer(815301076,1909f56bfc062723c751e8b465ee728b)
Start importing Assets/New Material 4.mat using Guid(233a2b040229ff24bb5884c265d6d606) Importer(815301076,1909f56bfc062723c751e8b465ee728b)  -> (artifact id: 'fa8e245cea8a558c1537f72c5116a5df') in 0.011879 seconds 
========================================================================
Received Import Request.
  Time since last request: 0.483285 seconds.
  path: Assets/New Material 5.mat
  artifactKey: Guid(3e1067042c1ffa14ead74885620528fc) Importer(815301076,1909f56bfc062723c751e8b465ee728b)
Start importing Assets/New Material 5.mat using Guid(3e1067042c1ffa14ead74885620528fc) Importer(815301076,1909f56bfc062723c751e8b465ee728b)  -> (artifact id: 'e0d4c684f8946e43a823c8f107b81e1c') in 0.011737 seconds 
========================================================================
Received Import Request.
  Time since last request: 0.603040 seconds.
  path: Assets/New Material 6.mat
  artifactKey: Guid(f25ef04be3868774bb04d91104c7dfd7) Importer(815301076,1909f56bfc062723c751e8b465ee728b)
Start importing Assets/New Material 6.mat using Guid(f25ef04be3868774bb04d91104c7dfd7) Importer(815301076,1909f56bfc062723c751e8b465ee728b)  -> (artifact id: '482830c34f5a610db67b97de47978026') in 0.012059 seconds 
========================================================================
Received Import Request.
  Time since last request: 0.753579 seconds.
  path: Assets/New Material 7.mat
  artifactKey: Guid(1d5e8f6813de6714ba27b8cb0567b6a5) Importer(815301076,1909f56bfc062723c751e8b465ee728b)
Start importing Assets/New Material 7.mat using Guid(1d5e8f6813de6714ba27b8cb0567b6a5) Importer(815301076,1909f56bfc062723c751e8b465ee728b)  -> (artifact id: '6d1f09a9f9a9be117dfb02c708f58175') in 0.011584 seconds 
========================================================================
Received Import Request.
  Time since last request: 0.858766 seconds.
  path: Assets/New Material 8.mat
  artifactKey: Guid(77fcb5405005b22419bc1a4a7a0c0e1e) Importer(815301076,1909f56bfc062723c751e8b465ee728b)
Start importing Assets/New Material 8.mat using Guid(77fcb5405005b22419bc1a4a7a0c0e1e) Importer(815301076,1909f56bfc062723c751e8b465ee728b)  -> (artifact id: '548c40bcd2ff3f8fb6600ffdfd7291eb') in 0.012419 seconds 
========================================================================
Received Import Request.
  Time since last request: 8.927464 seconds.
  path: Assets/New Material 9.mat
  artifactKey: Guid(9e48da15a1f2f564e8251368450b7089) Importer(815301076,1909f56bfc062723c751e8b465ee728b)
Start importing Assets/New Material 9.mat using Guid(9e48da15a1f2f564e8251368450b7089) Importer(815301076,1909f56bfc062723c751e8b465ee728b)  -> (artifact id: '85eb24cdffbd35c4e8a9e3b92acf011a') in 0.012789 seconds 
========================================================================
Received Import Request.
  Time since last request: 156.510399 seconds.
  path: Assets/materials
  artifactKey: Guid(15a4881e841a36b42a280b74d0e87c14) Importer(815301076,1909f56bfc062723c751e8b465ee728b)
Start importing Assets/materials using Guid(15a4881e841a36b42a280b74d0e87c14) Importer(815301076,1909f56bfc062723c751e8b465ee728b)  -> (artifact id: '92a56477f9a95c211a5868c686028615') in 0.003284 seconds 
========================================================================
Received Import Request.
  Time since last request: 21.990692 seconds.
  path: Assets/SCRIPTS
  artifactKey: Guid(440c08cf8b504b14c8e4efafe72b72e4) Importer(815301076,1909f56bfc062723c751e8b465ee728b)
Start importing Assets/SCRIPTS using Guid(440c08cf8b504b14c8e4efafe72b72e4) Importer(815301076,1909f56bfc062723c751e8b465ee728b)  -> (artifact id: 'e50247b81d40b7436dc6d3f825b54932') in 0.003194 seconds 
========================================================================
Received Import Request.
  Time since last request: 1.697596 seconds.
  path: Assets/Obstacle.cs
  artifactKey: Guid(948414644a29d1d4bbc5984461c9774b) Importer(815301076,1909f56bfc062723c751e8b465ee728b)
Start importing Assets/Obstacle.cs using Guid(948414644a29d1d4bbc5984461c9774b) Importer(815301076,1909f56bfc062723c751e8b465ee728b)  -> (artifact id: '9932dc2be720a621f5b0e4783113a216') in 0.590067 seconds 
========================================================================
Received Import Request.
  Time since last request: 0.253397 seconds.
  path: Assets/TileManager.cs
  artifactKey: Guid(f7bd9164ad873294f85852f65396abdf) Importer(815301076,1909f56bfc062723c751e8b465ee728b)
Start importing Assets/TileManager.cs using Guid(f7bd9164ad873294f85852f65396abdf) Importer(815301076,1909f56bfc062723c751e8b465ee728b)  -> (artifact id: 'a10c1856dc25d0467bc94d4f14861219') in 0.003576 seconds 
========================================================================
Received Prepare
Registering precompiled user dll's ...
Registered in 0.003478 seconds.
Begin MonoManager ReloadAssembly
Native extension for WindowsStandalone target not found
Native extension for OSXStandalone target not found
Refreshing native plugins compatible for Editor in 0.96 ms, found 2 plugins.
Preloading 0 native plugins for Editor in 0.00 ms.
Mono: successfully reloaded assembly
- Completed reload, in  1.274 seconds
Domain Reload Profiling:
	ReloadAssembly (1275ms)
		BeginReloadAssembly (162ms)
			ExecutionOrderSort (0ms)
			DisableScriptedObjects (6ms)
			BackupInstance (0ms)
			ReleaseScriptingObjects (0ms)
			CreateAndSetChildDomain (40ms)
		EndReloadAssembly (1018ms)
			LoadAssemblies (137ms)
			RebuildTransferFunctionScriptingTraits (0ms)
			SetupTypeCache (354ms)
			ReleaseScriptCaches (1ms)
			RebuildScriptCaches (49ms)
			SetupLoadedEditorAssemblies (385ms)
				LogAssemblyErrors (0ms)
				InitializePlatformSupportModulesInManaged (8ms)
				SetLoadedEditorAssemblies (1ms)
				RefreshPlugins (1ms)
				BeforeProcessingInitializeOnLoad (101ms)
				ProcessInitializeOnLoadAttributes (240ms)
				ProcessInitializeOnLoadMethodAttributes (20ms)
				AfterProcessingInitializeOnLoad (14ms)
				EditorAssembliesLoaded (0ms)
			ExecutionOrderSort2 (0ms)
			AwakeInstancesAfterBackupRestoration (3ms)
Platform modules already initialized, skipping
Refreshing native plugins compatible for Editor in 0.99 ms, found 2 plugins.
Preloading 0 native plugins for Editor in 0.00 ms.
Unloading 1486 Unused Serialized files (Serialized files now loaded: 0)
System memory in use before: 77.0 MB.
System memory in use after: 77.1 MB.

Unloading 12 unused Assets to reduce memory usage. Loaded Objects now: 1976.
Total: 3.628700 ms (FindLiveObjects: 0.164200 ms CreateObjectMapping: 0.042100 ms MarkObjects: 3.315800 ms  DeleteObjects: 0.105000 ms)

AssetImportParameters requested are different than current active one (requested -> active):
  custom:framework-win-MediaFoundation: 216162199b28c13a410421893ffa2e32 -> 
  custom:video-decoder-ogg-theora: a1e56fd34408186e4bbccfd4996cb3dc -> 
  custom:container-muxer-webm: aa71ff27fc2769a1b78a27578f13a17b -> 
  custom:container-demuxer-webm: 4f35f7cbe854078d1ac9338744f61a02 -> 
  custom:container-demuxer-ogg: 62fdf1f143b41e24485cea50d1cbac27 -> 
  custom:video-encoder-webm-vp8: eb34c28f22e8b96e1ab97ce403110664 -> 
  custom:video-codec-MediaFoundation-h265: 746d11721c4dcdbdad8f713fa42b33f4 -> 
  custom:video-decoder-webm-vp8: 9c59270c3fd7afecdb556c50c9e8de78 -> 
  custom:audio-decoder-ogg-vorbis: bf7c407c2cedff20999df2af8eb42d56 -> 
  custom:audio-encoder-webm-vorbis: bf7c407c2cedff20999df2af8eb42d56 -> 
========================================================================
Received Import Request.
  Time since last request: 47.131785 seconds.
  path: Assets/Weg_v2.fbx
  artifactKey: Guid(b2950eca6f8145f4ca866be116474446) Importer(815301076,1909f56bfc062723c751e8b465ee728b)
Start importing Assets/Weg_v2.fbx using Guid(b2950eca6f8145f4ca866be116474446) Importer(815301076,1909f56bfc062723c751e8b465ee728b)  -> (artifact id: 'd3b42da386270d772d1c12386c3fa991') in 0.715677 seconds 
========================================================================
Received Import Request.
  Time since last request: 80.672257 seconds.
  path: Assets/Weg_v2.fbx
  artifactKey: Guid(b2950eca6f8145f4ca866be116474446) Importer(815301076,1909f56bfc062723c751e8b465ee728b)
Start importing Assets/Weg_v2.fbx using Guid(b2950eca6f8145f4ca866be116474446) Importer(815301076,1909f56bfc062723c751e8b465ee728b)  -> (artifact id: '0a55aa344a85be172ae4a19acd2e76a3') in 0.562431 seconds 
========================================================================
Received Import Request.
  Time since last request: 101.403744 seconds.
  path: Assets/Weg_1.prefab
  artifactKey: Guid(6957d5b5d07ef864f98221f34c6837de) Importer(815301076,1909f56bfc062723c751e8b465ee728b)
Start importing Assets/Weg_1.prefab using Guid(6957d5b5d07ef864f98221f34c6837de) Importer(815301076,1909f56bfc062723c751e8b465ee728b)  -> (artifact id: '7c81382c66f3e89d31f2d19eeea9106a') in 0.047629 seconds 
========================================================================
Received Prepare
Registering precompiled user dll's ...
Registered in 0.003639 seconds.
Begin MonoManager ReloadAssembly
Native extension for WindowsStandalone target not found
Native extension for OSXStandalone target not found
Refreshing native plugins compatible for Editor in 1.01 ms, found 2 plugins.
Preloading 0 native plugins for Editor in 0.00 ms.
Mono: successfully reloaded assembly
- Completed reload, in  1.251 seconds
Domain Reload Profiling:
	ReloadAssembly (1251ms)
		BeginReloadAssembly (158ms)
			ExecutionOrderSort (0ms)
			DisableScriptedObjects (6ms)
			BackupInstance (0ms)
			ReleaseScriptingObjects (0ms)
			CreateAndSetChildDomain (39ms)
		EndReloadAssembly (1004ms)
			LoadAssemblies (138ms)
			RebuildTransferFunctionScriptingTraits (0ms)
			SetupTypeCache (348ms)
			ReleaseScriptCaches (1ms)
			RebuildScriptCaches (48ms)
			SetupLoadedEditorAssemblies (381ms)
				LogAssemblyErrors (0ms)
				InitializePlatformSupportModulesInManaged (7ms)
				SetLoadedEditorAssemblies (1ms)
				RefreshPlugins (1ms)
				BeforeProcessingInitializeOnLoad (101ms)
				ProcessInitializeOnLoadAttributes (239ms)
				ProcessInitializeOnLoadMethodAttributes (18ms)
				AfterProcessingInitializeOnLoad (14ms)
				EditorAssembliesLoaded (0ms)
			ExecutionOrderSort2 (0ms)
			AwakeInstancesAfterBackupRestoration (3ms)
Platform modules already initialized, skipping
Refreshing native plugins compatible for Editor in 0.99 ms, found 2 plugins.
Preloading 0 native plugins for Editor in 0.00 ms.
Unloading 1486 Unused Serialized files (Serialized files now loaded: 0)
System memory in use before: 77.5 MB.
System memory in use after: 77.6 MB.

Unloading 12 unused Assets to reduce memory usage. Loaded Objects now: 1983.
Total: 3.759700 ms (FindLiveObjects: 0.195800 ms CreateObjectMapping: 0.052900 ms MarkObjects: 3.423200 ms  DeleteObjects: 0.086400 ms)

AssetImportParameters requested are different than current active one (requested -> active):
  custom:framework-win-MediaFoundation: 216162199b28c13a410421893ffa2e32 -> 
  custom:video-decoder-ogg-theora: a1e56fd34408186e4bbccfd4996cb3dc -> 
  custom:container-muxer-webm: aa71ff27fc2769a1b78a27578f13a17b -> 
  custom:container-demuxer-webm: 4f35f7cbe854078d1ac9338744f61a02 -> 
  custom:container-demuxer-ogg: 62fdf1f143b41e24485cea50d1cbac27 -> 
  custom:video-encoder-webm-vp8: eb34c28f22e8b96e1ab97ce403110664 -> 
  custom:video-codec-MediaFoundation-h265: 746d11721c4dcdbdad8f713fa42b33f4 -> 
  custom:video-decoder-webm-vp8: 9c59270c3fd7afecdb556c50c9e8de78 -> 
  custom:audio-decoder-ogg-vorbis: bf7c407c2cedff20999df2af8eb42d56 -> 
  custom:audio-encoder-webm-vorbis: bf7c407c2cedff20999df2af8eb42d56 -> 
========================================================================
Received Import Request.
  Time since last request: 42.974425 seconds.
  path: Assets/Weg_1.prefab
  artifactKey: Guid(6957d5b5d07ef864f98221f34c6837de) Importer(815301076,1909f56bfc062723c751e8b465ee728b)
Start importing Assets/Weg_1.prefab using Guid(6957d5b5d07ef864f98221f34c6837de) Importer(815301076,1909f56bfc062723c751e8b465ee728b)  -> (artifact id: 'c0f814362a2f4231c44c9fa0c6442059') in 0.030891 seconds 
========================================================================
Received Import Request.
  Time since last request: 13.582505 seconds.
  path: Assets/Weg_1.prefab
  artifactKey: Guid(6957d5b5d07ef864f98221f34c6837de) Importer(815301076,1909f56bfc062723c751e8b465ee728b)
Start importing Assets/Weg_1.prefab using Guid(6957d5b5d07ef864f98221f34c6837de) Importer(815301076,1909f56bfc062723c751e8b465ee728b)  -> (artifact id: '48cb1ff9f1d83207d1eaf9161a8ef8e3') in 0.080363 seconds 
========================================================================
Received Import Request.
  Time since last request: 0.000620 seconds.
  path: Assets/Weg_v2.fbx
  artifactKey: Guid(b2950eca6f8145f4ca866be116474446) Importer(815301076,1909f56bfc062723c751e8b465ee728b)
Start importing Assets/Weg_v2.fbx using Guid(b2950eca6f8145f4ca866be116474446) Importer(815301076,1909f56bfc062723c751e8b465ee728b)  -> (artifact id: 'e6320708071c47800e683eeedfce997e') in 0.564112 seconds 
========================================================================
Received Import Request.
  Time since last request: 45.986057 seconds.
  path: Assets/Weg_1.prefab
  artifactKey: Guid(6957d5b5d07ef864f98221f34c6837de) Importer(815301076,1909f56bfc062723c751e8b465ee728b)
Start importing Assets/Weg_1.prefab using Guid(6957d5b5d07ef864f98221f34c6837de) Importer(815301076,1909f56bfc062723c751e8b465ee728b)  -> (artifact id: '931f97e072d6172ca5e92312f5ddb10e') in 0.038835 seconds 
========================================================================
Received Import Request.
  Time since last request: 0.000461 seconds.
  path: Assets/Weg_v2.fbx
  artifactKey: Guid(b2950eca6f8145f4ca866be116474446) Importer(815301076,1909f56bfc062723c751e8b465ee728b)
Start importing Assets/Weg_v2.fbx using Guid(b2950eca6f8145f4ca866be116474446) Importer(815301076,1909f56bfc062723c751e8b465ee728b)  -> (artifact id: '40b4ae18c35350dfb718b0d74aa44536') in 0.552778 seconds 
========================================================================
Received Import Request.
  Time since last request: 23.713806 seconds.
  path: Assets/Weg_1.prefab
  artifactKey: Guid(6957d5b5d07ef864f98221f34c6837de) Importer(815301076,1909f56bfc062723c751e8b465ee728b)
Start importing Assets/Weg_1.prefab using Guid(6957d5b5d07ef864f98221f34c6837de) Importer(815301076,1909f56bfc062723c751e8b465ee728b)  -> (artifact id: 'f4856ccaf6ebfb07a6c43f64ef54ac0c') in 0.039372 seconds 
========================================================================
Received Prepare
Registering precompiled user dll's ...
Registered in 0.003657 seconds.
Begin MonoManager ReloadAssembly
Native extension for WindowsStandalone target not found
Native extension for OSXStandalone target not found
Refreshing native plugins compatible for Editor in 1.00 ms, found 2 plugins.
Preloading 0 native plugins for Editor in 0.00 ms.
Mono: successfully reloaded assembly
- Completed reload, in  1.292 seconds
Domain Reload Profiling:
	ReloadAssembly (1293ms)
		BeginReloadAssembly (167ms)
			ExecutionOrderSort (0ms)
			DisableScriptedObjects (6ms)
			BackupInstance (0ms)
			ReleaseScriptingObjects (0ms)
			CreateAndSetChildDomain (41ms)
		EndReloadAssembly (1030ms)
			LoadAssemblies (142ms)
			RebuildTransferFunctionScriptingTraits (0ms)
			SetupTypeCache (365ms)
			ReleaseScriptCaches (1ms)
			RebuildScriptCaches (47ms)
			SetupLoadedEditorAssemblies (391ms)
				LogAssemblyErrors (0ms)
				InitializePlatformSupportModulesInManaged (9ms)
				SetLoadedEditorAssemblies (1ms)
				RefreshPlugins (1ms)
				BeforeProcessingInitializeOnLoad (101ms)
				ProcessInitializeOnLoadAttributes (246ms)
				ProcessInitializeOnLoadMethodAttributes (18ms)
				AfterProcessingInitializeOnLoad (14ms)
				EditorAssembliesLoaded (0ms)
			ExecutionOrderSort2 (0ms)
			AwakeInstancesAfterBackupRestoration (3ms)
Platform modules already initialized, skipping
Refreshing native plugins compatible for Editor in 1.14 ms, found 2 plugins.
Preloading 0 native plugins for Editor in 0.00 ms.
Unloading 1486 Unused Serialized files (Serialized files now loaded: 0)
System memory in use before: 77.8 MB.
System memory in use after: 77.9 MB.

Unloading 12 unused Assets to reduce memory usage. Loaded Objects now: 1987.
Total: 3.335200 ms (FindLiveObjects: 0.179400 ms CreateObjectMapping: 0.043900 ms MarkObjects: 3.024900 ms  DeleteObjects: 0.086000 ms)

AssetImportParameters requested are different than current active one (requested -> active):
  custom:framework-win-MediaFoundation: 216162199b28c13a410421893ffa2e32 -> 
  custom:video-decoder-ogg-theora: a1e56fd34408186e4bbccfd4996cb3dc -> 
  custom:container-muxer-webm: aa71ff27fc2769a1b78a27578f13a17b -> 
  custom:container-demuxer-webm: 4f35f7cbe854078d1ac9338744f61a02 -> 
  custom:container-demuxer-ogg: 62fdf1f143b41e24485cea50d1cbac27 -> 
  custom:video-encoder-webm-vp8: eb34c28f22e8b96e1ab97ce403110664 -> 
  custom:video-codec-MediaFoundation-h265: 746d11721c4dcdbdad8f713fa42b33f4 -> 
  custom:video-decoder-webm-vp8: 9c59270c3fd7afecdb556c50c9e8de78 -> 
  custom:audio-decoder-ogg-vorbis: bf7c407c2cedff20999df2af8eb42d56 -> 
  custom:audio-encoder-webm-vorbis: bf7c407c2cedff20999df2af8eb42d56 -> 
========================================================================
Received Import Request.
  Time since last request: 79.547566 seconds.
  path: Assets/Weg_v2.fbx
  artifactKey: Guid(b2950eca6f8145f4ca866be116474446) Importer(815301076,1909f56bfc062723c751e8b465ee728b)
Start importing Assets/Weg_v2.fbx using Guid(b2950eca6f8145f4ca866be116474446) Importer(815301076,1909f56bfc062723c751e8b465ee728b)  -> (artifact id: '8974d7bbef0c1d4ac6cbc92eaaa0b610') in 0.609490 seconds 
========================================================================
Received Import Request.
  Time since last request: 0.000511 seconds.
  path: Assets/Weg_1.prefab
  artifactKey: Guid(6957d5b5d07ef864f98221f34c6837de) Importer(815301076,1909f56bfc062723c751e8b465ee728b)
Start importing Assets/Weg_1.prefab using Guid(6957d5b5d07ef864f98221f34c6837de) Importer(815301076,1909f56bfc062723c751e8b465ee728b)  -> (artifact id: 'a249e897fd16c64a1e1b792be8d8d8e7') in 0.046077 seconds 
========================================================================
Received Prepare
Registering precompiled user dll's ...
Registered in 0.003407 seconds.
Begin MonoManager ReloadAssembly
Native extension for WindowsStandalone target not found
Native extension for OSXStandalone target not found
Refreshing native plugins compatible for Editor in 0.97 ms, found 2 plugins.
Preloading 0 native plugins for Editor in 0.00 ms.
Mono: successfully reloaded assembly
- Completed reload, in  1.276 seconds
Domain Reload Profiling:
	ReloadAssembly (1276ms)
		BeginReloadAssembly (159ms)
			ExecutionOrderSort (0ms)
			DisableScriptedObjects (5ms)
			BackupInstance (0ms)
			ReleaseScriptingObjects (0ms)
			CreateAndSetChildDomain (40ms)
		EndReloadAssembly (1027ms)
			LoadAssemblies (139ms)
			RebuildTransferFunctionScriptingTraits (0ms)
			SetupTypeCache (353ms)
			ReleaseScriptCaches (1ms)
			RebuildScriptCaches (52ms)
			SetupLoadedEditorAssemblies (392ms)
				LogAssemblyErrors (0ms)
				InitializePlatformSupportModulesInManaged (7ms)
				SetLoadedEditorAssemblies (1ms)
				RefreshPlugins (1ms)
				BeforeProcessingInitializeOnLoad (104ms)
				ProcessInitializeOnLoadAttributes (243ms)
				ProcessInitializeOnLoadMethodAttributes (21ms)
				AfterProcessingInitializeOnLoad (15ms)
				EditorAssembliesLoaded (0ms)
			ExecutionOrderSort2 (0ms)
			AwakeInstancesAfterBackupRestoration (3ms)
Platform modules already initialized, skipping
Refreshing native plugins compatible for Editor in 0.99 ms, found 2 plugins.
Preloading 0 native plugins for Editor in 0.00 ms.
Unloading 1486 Unused Serialized files (Serialized files now loaded: 0)
System memory in use before: 77.9 MB.
System memory in use after: 77.9 MB.

Unloading 12 unused Assets to reduce memory usage. Loaded Objects now: 1991.
Total: 3.633700 ms (FindLiveObjects: 0.180100 ms CreateObjectMapping: 0.043200 ms MarkObjects: 3.312300 ms  DeleteObjects: 0.096700 ms)

AssetImportParameters requested are different than current active one (requested -> active):
  custom:framework-win-MediaFoundation: 216162199b28c13a410421893ffa2e32 -> 
  custom:video-decoder-ogg-theora: a1e56fd34408186e4bbccfd4996cb3dc -> 
  custom:container-muxer-webm: aa71ff27fc2769a1b78a27578f13a17b -> 
  custom:container-demuxer-webm: 4f35f7cbe854078d1ac9338744f61a02 -> 
  custom:container-demuxer-ogg: 62fdf1f143b41e24485cea50d1cbac27 -> 
  custom:video-encoder-webm-vp8: eb34c28f22e8b96e1ab97ce403110664 -> 
  custom:video-codec-MediaFoundation-h265: 746d11721c4dcdbdad8f713fa42b33f4 -> 
  custom:video-decoder-webm-vp8: 9c59270c3fd7afecdb556c50c9e8de78 -> 
  custom:audio-decoder-ogg-vorbis: bf7c407c2cedff20999df2af8eb42d56 -> 
  custom:audio-encoder-webm-vorbis: bf7c407c2cedff20999df2af8eb42d56 -> 
========================================================================
Received Import Request.
  Time since last request: 336.015595 seconds.
  path: Assets/Weg_1.prefab
  artifactKey: Guid(6957d5b5d07ef864f98221f34c6837de) Importer(815301076,1909f56bfc062723c751e8b465ee728b)
Start importing Assets/Weg_1.prefab using Guid(6957d5b5d07ef864f98221f34c6837de) Importer(815301076,1909f56bfc062723c751e8b465ee728b)  -> (artifact id: '850d428c769a3f740af6e0ca76e71304') in 0.095597 seconds 
========================================================================
Received Prepare
Registering precompiled user dll's ...
Registered in 0.003326 seconds.
Begin MonoManager ReloadAssembly
Native extension for WindowsStandalone target not found
Native extension for OSXStandalone target not found
Refreshing native plugins compatible for Editor in 1.00 ms, found 2 plugins.
Preloading 0 native plugins for Editor in 0.00 ms.
Mono: successfully reloaded assembly
- Completed reload, in  1.249 seconds
Domain Reload Profiling:
	ReloadAssembly (1249ms)
		BeginReloadAssembly (158ms)
			ExecutionOrderSort (0ms)
			DisableScriptedObjects (6ms)
			BackupInstance (0ms)
			ReleaseScriptingObjects (0ms)
			CreateAndSetChildDomain (40ms)
		EndReloadAssembly (1003ms)
			LoadAssemblies (141ms)
			RebuildTransferFunctionScriptingTraits (0ms)
			SetupTypeCache (341ms)
			ReleaseScriptCaches (1ms)
			RebuildScriptCaches (49ms)
			SetupLoadedEditorAssemblies (383ms)
				LogAssemblyErrors (0ms)
				InitializePlatformSupportModulesInManaged (7ms)
				SetLoadedEditorAssemblies (1ms)
				RefreshPlugins (1ms)
				BeforeProcessingInitializeOnLoad (101ms)
				ProcessInitializeOnLoadAttributes (239ms)
				ProcessInitializeOnLoadMethodAttributes (20ms)
				AfterProcessingInitializeOnLoad (15ms)
				EditorAssembliesLoaded (0ms)
			ExecutionOrderSort2 (0ms)
			AwakeInstancesAfterBackupRestoration (3ms)
Platform modules already initialized, skipping
Refreshing native plugins compatible for Editor in 1.03 ms, found 2 plugins.
Preloading 0 native plugins for Editor in 0.00 ms.
Unloading 1486 Unused Serialized files (Serialized files now loaded: 0)
System memory in use before: 78.2 MB.
System memory in use after: 78.3 MB.

Unloading 12 unused Assets to reduce memory usage. Loaded Objects now: 1995.
Total: 3.436700 ms (FindLiveObjects: 0.209100 ms CreateObjectMapping: 0.044900 ms MarkObjects: 3.089200 ms  DeleteObjects: 0.092300 ms)

AssetImportParameters requested are different than current active one (requested -> active):
  custom:framework-win-MediaFoundation: 216162199b28c13a410421893ffa2e32 -> 
  custom:video-decoder-ogg-theora: a1e56fd34408186e4bbccfd4996cb3dc -> 
  custom:container-muxer-webm: aa71ff27fc2769a1b78a27578f13a17b -> 
  custom:container-demuxer-webm: 4f35f7cbe854078d1ac9338744f61a02 -> 
  custom:container-demuxer-ogg: 62fdf1f143b41e24485cea50d1cbac27 -> 
  custom:video-encoder-webm-vp8: eb34c28f22e8b96e1ab97ce403110664 -> 
  custom:video-codec-MediaFoundation-h265: 746d11721c4dcdbdad8f713fa42b33f4 -> 
  custom:video-decoder-webm-vp8: 9c59270c3fd7afecdb556c50c9e8de78 -> 
  custom:audio-decoder-ogg-vorbis: bf7c407c2cedff20999df2af8eb42d56 -> 
  custom:audio-encoder-webm-vorbis: bf7c407c2cedff20999df2af8eb42d56 -> 
========================================================================
Received Import Request.
  Time since last request: 67.017466 seconds.
  path: Assets/Weg_1.prefab
  artifactKey: Guid(6957d5b5d07ef864f98221f34c6837de) Importer(815301076,1909f56bfc062723c751e8b465ee728b)
Start importing Assets/Weg_1.prefab using Guid(6957d5b5d07ef864f98221f34c6837de) Importer(815301076,1909f56bfc062723c751e8b465ee728b)  -> (artifact id: '363f606146eba3f284e91c81e65ea424') in 0.095966 seconds 
========================================================================
Received Prepare
Registering precompiled user dll's ...
Registered in 0.003830 seconds.
Begin MonoManager ReloadAssembly
Native extension for WindowsStandalone target not found
Native extension for OSXStandalone target not found
Refreshing native plugins compatible for Editor in 1.27 ms, found 2 plugins.
Preloading 0 native plugins for Editor in 0.00 ms.
Mono: successfully reloaded assembly
- Completed reload, in  1.295 seconds
Domain Reload Profiling:
	ReloadAssembly (1296ms)
		BeginReloadAssembly (159ms)
			ExecutionOrderSort (0ms)
			DisableScriptedObjects (6ms)
			BackupInstance (0ms)
			ReleaseScriptingObjects (0ms)
			CreateAndSetChildDomain (39ms)
		EndReloadAssembly (1040ms)
			LoadAssemblies (140ms)
			RebuildTransferFunctionScriptingTraits (0ms)
			SetupTypeCache (351ms)
			ReleaseScriptCaches (1ms)
			RebuildScriptCaches (52ms)
			SetupLoadedEditorAssemblies (400ms)
				LogAssemblyErrors (0ms)
				InitializePlatformSupportModulesInManaged (8ms)
				SetLoadedEditorAssemblies (1ms)
				RefreshPlugins (1ms)
				BeforeProcessingInitializeOnLoad (108ms)
				ProcessInitializeOnLoadAttributes (245ms)
				ProcessInitializeOnLoadMethodAttributes (20ms)
				AfterProcessingInitializeOnLoad (16ms)
				EditorAssembliesLoaded (0ms)
			ExecutionOrderSort2 (0ms)
			AwakeInstancesAfterBackupRestoration (3ms)
Platform modules already initialized, skipping
Refreshing native plugins compatible for Editor in 1.53 ms, found 2 plugins.
Preloading 0 native plugins for Editor in 0.00 ms.
Unloading 1486 Unused Serialized files (Serialized files now loaded: 0)
System memory in use before: 78.3 MB.
System memory in use after: 78.3 MB.

Unloading 12 unused Assets to reduce memory usage. Loaded Objects now: 1999.
Total: 3.955400 ms (FindLiveObjects: 0.213000 ms CreateObjectMapping: 0.049700 ms MarkObjects: 3.574200 ms  DeleteObjects: 0.117000 ms)

AssetImportParameters requested are different than current active one (requested -> active):
  custom:framework-win-MediaFoundation: 216162199b28c13a410421893ffa2e32 -> 
  custom:video-decoder-ogg-theora: a1e56fd34408186e4bbccfd4996cb3dc -> 
  custom:container-muxer-webm: aa71ff27fc2769a1b78a27578f13a17b -> 
  custom:container-demuxer-webm: 4f35f7cbe854078d1ac9338744f61a02 -> 
  custom:container-demuxer-ogg: 62fdf1f143b41e24485cea50d1cbac27 -> 
  custom:video-encoder-webm-vp8: eb34c28f22e8b96e1ab97ce403110664 -> 
  custom:video-codec-MediaFoundation-h265: 746d11721c4dcdbdad8f713fa42b33f4 -> 
  custom:video-decoder-webm-vp8: 9c59270c3fd7afecdb556c50c9e8de78 -> 
  custom:audio-decoder-ogg-vorbis: bf7c407c2cedff20999df2af8eb42d56 -> 
  custom:audio-encoder-webm-vorbis: bf7c407c2cedff20999df2af8eb42d56 -> 
========================================================================
Received Import Request.
  Time since last request: 27.279458 seconds.
  path: Assets/Weg_1.prefab
  artifactKey: Guid(6957d5b5d07ef864f98221f34c6837de) Importer(815301076,1909f56bfc062723c751e8b465ee728b)
Start importing Assets/Weg_1.prefab using Guid(6957d5b5d07ef864f98221f34c6837de) Importer(815301076,1909f56bfc062723c751e8b465ee728b)  -> (artifact id: '04937aabeb2989ec98dfbeb1594b29d6') in 0.098264 seconds 
========================================================================
Received Prepare
Registering precompiled user dll's ...
Registered in 0.003838 seconds.
Begin MonoManager ReloadAssembly
Native extension for WindowsStandalone target not found
Native extension for OSXStandalone target not found
Refreshing native plugins compatible for Editor in 0.98 ms, found 2 plugins.
Preloading 0 native plugins for Editor in 0.00 ms.
Mono: successfully reloaded assembly
- Completed reload, in  1.250 seconds
Domain Reload Profiling:
	ReloadAssembly (1250ms)
		BeginReloadAssembly (150ms)
			ExecutionOrderSort (0ms)
			DisableScriptedObjects (6ms)
			BackupInstance (0ms)
			ReleaseScriptingObjects (0ms)
			CreateAndSetChildDomain (36ms)
		EndReloadAssembly (1007ms)
			LoadAssemblies (136ms)
			RebuildTransferFunctionScriptingTraits (0ms)
			SetupTypeCache (347ms)
			ReleaseScriptCaches (1ms)
			RebuildScriptCaches (47ms)
			SetupLoadedEditorAssemblies (385ms)
				LogAssemblyErrors (0ms)
				InitializePlatformSupportModulesInManaged (7ms)
				SetLoadedEditorAssemblies (1ms)
				RefreshPlugins (1ms)
				BeforeProcessingInitializeOnLoad (99ms)
				ProcessInitializeOnLoadAttributes (238ms)
				ProcessInitializeOnLoadMethodAttributes (22ms)
				AfterProcessingInitializeOnLoad (16ms)
				EditorAssembliesLoaded (0ms)
			ExecutionOrderSort2 (0ms)
			AwakeInstancesAfterBackupRestoration (3ms)
Platform modules already initialized, skipping
Refreshing native plugins compatible for Editor in 0.99 ms, found 2 plugins.
Preloading 0 native plugins for Editor in 0.00 ms.
Unloading 1486 Unused Serialized files (Serialized files now loaded: 0)
System memory in use before: 78.3 MB.
System memory in use after: 78.4 MB.

Unloading 12 unused Assets to reduce memory usage. Loaded Objects now: 2003.
Total: 3.374700 ms (FindLiveObjects: 0.184200 ms CreateObjectMapping: 0.051100 ms MarkObjects: 3.049200 ms  DeleteObjects: 0.089100 ms)

AssetImportParameters requested are different than current active one (requested -> active):
  custom:framework-win-MediaFoundation: 216162199b28c13a410421893ffa2e32 -> 
  custom:video-decoder-ogg-theora: a1e56fd34408186e4bbccfd4996cb3dc -> 
  custom:container-muxer-webm: aa71ff27fc2769a1b78a27578f13a17b -> 
  custom:container-demuxer-webm: 4f35f7cbe854078d1ac9338744f61a02 -> 
  custom:container-demuxer-ogg: 62fdf1f143b41e24485cea50d1cbac27 -> 
  custom:video-encoder-webm-vp8: eb34c28f22e8b96e1ab97ce403110664 -> 
  custom:video-codec-MediaFoundation-h265: 746d11721c4dcdbdad8f713fa42b33f4 -> 
  custom:video-decoder-webm-vp8: 9c59270c3fd7afecdb556c50c9e8de78 -> 
  custom:audio-decoder-ogg-vorbis: bf7c407c2cedff20999df2af8eb42d56 -> 
  custom:audio-encoder-webm-vorbis: bf7c407c2cedff20999df2af8eb42d56 -> 
========================================================================
Received Import Request.
  Time since last request: 51.749713 seconds.
  path: Assets/Weg_1 1.prefab
  artifactKey: Guid(d517f11f9fc2f6d4998350cb7aa5dd40) Importer(815301076,1909f56bfc062723c751e8b465ee728b)
Start importing Assets/Weg_1 1.prefab using Guid(d517f11f9fc2f6d4998350cb7aa5dd40) Importer(815301076,1909f56bfc062723c751e8b465ee728b)  -> (artifact id: 'f7f7970829be46138d9e30aaec888db1') in 0.099774 seconds 
========================================================================
Received Import Request.
  Time since last request: 14.794676 seconds.
  path: Assets/Weg_1 1.prefab
  artifactKey: Guid(d517f11f9fc2f6d4998350cb7aa5dd40) Importer(815301076,1909f56bfc062723c751e8b465ee728b)
Start importing Assets/Weg_1 1.prefab using Guid(d517f11f9fc2f6d4998350cb7aa5dd40) Importer(815301076,1909f56bfc062723c751e8b465ee728b)  -> (artifact id: '58d595d4aa2d4811c3103abd48879b5b') in 0.046572 seconds 
========================================================================
Received Import Request.
  Time since last request: 0.335299 seconds.
  path: Assets/Weg_1 1.prefab
  artifactKey: Guid(d517f11f9fc2f6d4998350cb7aa5dd40) Importer(815301076,1909f56bfc062723c751e8b465ee728b)
Start importing Assets/Weg_1 1.prefab using Guid(d517f11f9fc2f6d4998350cb7aa5dd40) Importer(815301076,1909f56bfc062723c751e8b465ee728b)  -> (artifact id: '48c0c9de4143f392486f33709fa01495') in 0.043168 seconds 
========================================================================
Received Import Request.
  Time since last request: 42.598362 seconds.
  path: Assets/Weg_1 1.prefab
  artifactKey: Guid(d517f11f9fc2f6d4998350cb7aa5dd40) Importer(815301076,1909f56bfc062723c751e8b465ee728b)
Start importing Assets/Weg_1 1.prefab using Guid(d517f11f9fc2f6d4998350cb7aa5dd40) Importer(815301076,1909f56bfc062723c751e8b465ee728b)  -> (artifact id: 'e23a194d0d0b253bfbb252f970809732') in 0.037298 seconds 
========================================================================
Received Import Request.
  Time since last request: 72.697461 seconds.
  path: Assets/Weg_1 1.prefab
  artifactKey: Guid(d517f11f9fc2f6d4998350cb7aa5dd40) Importer(815301076,1909f56bfc062723c751e8b465ee728b)
Start importing Assets/Weg_1 1.prefab using Guid(d517f11f9fc2f6d4998350cb7aa5dd40) Importer(815301076,1909f56bfc062723c751e8b465ee728b)  -> (artifact id: '59e86cedcc0077c3cfa4e3b8e0f66a95') in 0.039415 seconds 
========================================================================
Received Import Request.
  Time since last request: 37.521416 seconds.
  path: Assets/halbweg links.prefab
  artifactKey: Guid(d517f11f9fc2f6d4998350cb7aa5dd40) Importer(815301076,1909f56bfc062723c751e8b465ee728b)
Start importing Assets/halbweg links.prefab using Guid(d517f11f9fc2f6d4998350cb7aa5dd40) Importer(815301076,1909f56bfc062723c751e8b465ee728b)  -> (artifact id: 'b12a9585defb4516b95a98611a1fde11') in 0.036720 seconds 
========================================================================
Received Prepare
Registering precompiled user dll's ...
Registered in 0.003367 seconds.
Begin MonoManager ReloadAssembly
Native extension for WindowsStandalone target not found
Native extension for OSXStandalone target not found
Refreshing native plugins compatible for Editor in 0.98 ms, found 2 plugins.
Preloading 0 native plugins for Editor in 0.00 ms.
Mono: successfully reloaded assembly
- Completed reload, in  1.251 seconds
Domain Reload Profiling:
	ReloadAssembly (1252ms)
		BeginReloadAssembly (153ms)
			ExecutionOrderSort (0ms)
			DisableScriptedObjects (6ms)
			BackupInstance (0ms)
			ReleaseScriptingObjects (0ms)
			CreateAndSetChildDomain (39ms)
		EndReloadAssembly (1008ms)
			LoadAssemblies (132ms)
			RebuildTransferFunctionScriptingTraits (0ms)
			SetupTypeCache (354ms)
			ReleaseScriptCaches (1ms)
			RebuildScriptCaches (48ms)
			SetupLoadedEditorAssemblies (380ms)
				LogAssemblyErrors (0ms)
				InitializePlatformSupportModulesInManaged (7ms)
				SetLoadedEditorAssemblies (1ms)
				RefreshPlugins (1ms)
				BeforeProcessingInitializeOnLoad (102ms)
				ProcessInitializeOnLoadAttributes (236ms)
				ProcessInitializeOnLoadMethodAttributes (19ms)
				AfterProcessingInitializeOnLoad (14ms)
				EditorAssembliesLoaded (0ms)
			ExecutionOrderSort2 (0ms)
			AwakeInstancesAfterBackupRestoration (3ms)
Platform modules already initialized, skipping
Refreshing native plugins compatible for Editor in 0.98 ms, found 2 plugins.
Preloading 0 native plugins for Editor in 0.00 ms.
Unloading 1486 Unused Serialized files (Serialized files now loaded: 0)
System memory in use before: 78.3 MB.
System memory in use after: 78.4 MB.

Unloading 12 unused Assets to reduce memory usage. Loaded Objects now: 2007.
Total: 3.503100 ms (FindLiveObjects: 0.190300 ms CreateObjectMapping: 0.053200 ms MarkObjects: 3.165400 ms  DeleteObjects: 0.093200 ms)

AssetImportParameters requested are different than current active one (requested -> active):
  custom:framework-win-MediaFoundation: 216162199b28c13a410421893ffa2e32 -> 
  custom:video-decoder-ogg-theora: a1e56fd34408186e4bbccfd4996cb3dc -> 
  custom:container-muxer-webm: aa71ff27fc2769a1b78a27578f13a17b -> 
  custom:container-demuxer-webm: 4f35f7cbe854078d1ac9338744f61a02 -> 
  custom:container-demuxer-ogg: 62fdf1f143b41e24485cea50d1cbac27 -> 
  custom:video-encoder-webm-vp8: eb34c28f22e8b96e1ab97ce403110664 -> 
  custom:video-codec-MediaFoundation-h265: 746d11721c4dcdbdad8f713fa42b33f4 -> 
  custom:video-decoder-webm-vp8: 9c59270c3fd7afecdb556c50c9e8de78 -> 
  custom:audio-decoder-ogg-vorbis: bf7c407c2cedff20999df2af8eb42d56 -> 
  custom:audio-encoder-webm-vorbis: bf7c407c2cedff20999df2af8eb42d56 -> 
========================================================================
Received Import Request.
  Time since last request: 36.900043 seconds.
  path: Assets/Weg_1.prefab
  artifactKey: Guid(6957d5b5d07ef864f98221f34c6837de) Importer(815301076,1909f56bfc062723c751e8b465ee728b)
Start importing Assets/Weg_1.prefab using Guid(6957d5b5d07ef864f98221f34c6837de) Importer(815301076,1909f56bfc062723c751e8b465ee728b)  -> (artifact id: '4074ec8a926f8dbbeb39cc20f2b81f03') in 0.092959 seconds 
========================================================================
Received Prepare
Registering precompiled user dll's ...
Registered in 0.003524 seconds.
Begin MonoManager ReloadAssembly
Native extension for WindowsStandalone target not found
Native extension for OSXStandalone target not found
Refreshing native plugins compatible for Editor in 0.96 ms, found 2 plugins.
Preloading 0 native plugins for Editor in 0.00 ms.
Mono: successfully reloaded assembly
- Completed reload, in  1.262 seconds
Domain Reload Profiling:
	ReloadAssembly (1263ms)
		BeginReloadAssembly (154ms)
			ExecutionOrderSort (0ms)
			DisableScriptedObjects (6ms)
			BackupInstance (0ms)
			ReleaseScriptingObjects (0ms)
			CreateAndSetChildDomain (38ms)
		EndReloadAssembly (1013ms)
			LoadAssemblies (134ms)
			RebuildTransferFunctionScriptingTraits (0ms)
			SetupTypeCache (344ms)
			ReleaseScriptCaches (1ms)
			RebuildScriptCaches (47ms)
			SetupLoadedEditorAssemblies (395ms)
				LogAssemblyErrors (0ms)
				InitializePlatformSupportModulesInManaged (8ms)
				SetLoadedEditorAssemblies (1ms)
				RefreshPlugins (1ms)
				BeforeProcessingInitializeOnLoad (99ms)
				ProcessInitializeOnLoadAttributes (251ms)
				ProcessInitializeOnLoadMethodAttributes (20ms)
				AfterProcessingInitializeOnLoad (15ms)
				EditorAssembliesLoaded (0ms)
			ExecutionOrderSort2 (0ms)
			AwakeInstancesAfterBackupRestoration (3ms)
Platform modules already initialized, skipping
Refreshing native plugins compatible for Editor in 1.01 ms, found 2 plugins.
Preloading 0 native plugins for Editor in 0.00 ms.
Unloading 1486 Unused Serialized files (Serialized files now loaded: 0)
System memory in use before: 78.3 MB.
System memory in use after: 78.4 MB.

Unloading 12 unused Assets to reduce memory usage. Loaded Objects now: 2011.
Total: 3.387100 ms (FindLiveObjects: 0.194400 ms CreateObjectMapping: 0.061400 ms MarkObjects: 3.040400 ms  DeleteObjects: 0.089400 ms)

AssetImportParameters requested are different than current active one (requested -> active):
  custom:framework-win-MediaFoundation: 216162199b28c13a410421893ffa2e32 -> 
  custom:video-decoder-ogg-theora: a1e56fd34408186e4bbccfd4996cb3dc -> 
  custom:container-muxer-webm: aa71ff27fc2769a1b78a27578f13a17b -> 
  custom:container-demuxer-webm: 4f35f7cbe854078d1ac9338744f61a02 -> 
  custom:container-demuxer-ogg: 62fdf1f143b41e24485cea50d1cbac27 -> 
  custom:video-encoder-webm-vp8: eb34c28f22e8b96e1ab97ce403110664 -> 
  custom:video-codec-MediaFoundation-h265: 746d11721c4dcdbdad8f713fa42b33f4 -> 
  custom:video-decoder-webm-vp8: 9c59270c3fd7afecdb556c50c9e8de78 -> 
  custom:audio-decoder-ogg-vorbis: bf7c407c2cedff20999df2af8eb42d56 -> 
  custom:audio-encoder-webm-vorbis: bf7c407c2cedff20999df2af8eb42d56 -> 
========================================================================
Received Import Request.
  Time since last request: 32.171342 seconds.
  path: Assets/halbweg links.prefab
  artifactKey: Guid(d517f11f9fc2f6d4998350cb7aa5dd40) Importer(815301076,1909f56bfc062723c751e8b465ee728b)
Start importing Assets/halbweg links.prefab using Guid(d517f11f9fc2f6d4998350cb7aa5dd40) Importer(815301076,1909f56bfc062723c751e8b465ee728b)  -> (artifact id: '84649dc154a67e3805f7307b75d4a26c') in 0.105732 seconds 
========================================================================
Received Prepare
Registering precompiled user dll's ...
Registered in 0.003358 seconds.
Begin MonoManager ReloadAssembly
Native extension for WindowsStandalone target not found
Native extension for OSXStandalone target not found
Refreshing native plugins compatible for Editor in 1.15 ms, found 2 plugins.
Preloading 0 native plugins for Editor in 0.00 ms.
Mono: successfully reloaded assembly
- Completed reload, in  1.236 seconds
Domain Reload Profiling:
	ReloadAssembly (1237ms)
		BeginReloadAssembly (150ms)
			ExecutionOrderSort (0ms)
			DisableScriptedObjects (6ms)
			BackupInstance (0ms)
			ReleaseScriptingObjects (0ms)
			CreateAndSetChildDomain (37ms)
		EndReloadAssembly (997ms)
			LoadAssemblies (129ms)
			RebuildTransferFunctionScriptingTraits (0ms)
			SetupTypeCache (340ms)
			ReleaseScriptCaches (1ms)
			RebuildScriptCaches (48ms)
			SetupLoadedEditorAssemblies (384ms)
				LogAssemblyErrors (0ms)
				InitializePlatformSupportModulesInManaged (8ms)
				SetLoadedEditorAssemblies (1ms)
				RefreshPlugins (1ms)
				BeforeProcessingInitializeOnLoad (101ms)
				ProcessInitializeOnLoadAttributes (241ms)
				ProcessInitializeOnLoadMethodAttributes (18ms)
				AfterProcessingInitializeOnLoad (14ms)
				EditorAssembliesLoaded (0ms)
			ExecutionOrderSort2 (0ms)
			AwakeInstancesAfterBackupRestoration (3ms)
Platform modules already initialized, skipping
Refreshing native plugins compatible for Editor in 1.03 ms, found 2 plugins.
Preloading 0 native plugins for Editor in 0.00 ms.
Unloading 1486 Unused Serialized files (Serialized files now loaded: 0)
System memory in use before: 78.3 MB.
System memory in use after: 78.4 MB.

Unloading 12 unused Assets to reduce memory usage. Loaded Objects now: 2015.
Total: 3.661500 ms (FindLiveObjects: 0.186900 ms CreateObjectMapping: 0.041100 ms MarkObjects: 3.331400 ms  DeleteObjects: 0.100800 ms)

AssetImportParameters requested are different than current active one (requested -> active):
  custom:framework-win-MediaFoundation: 216162199b28c13a410421893ffa2e32 -> 
  custom:video-decoder-ogg-theora: a1e56fd34408186e4bbccfd4996cb3dc -> 
  custom:container-muxer-webm: aa71ff27fc2769a1b78a27578f13a17b -> 
  custom:container-demuxer-webm: 4f35f7cbe854078d1ac9338744f61a02 -> 
  custom:container-demuxer-ogg: 62fdf1f143b41e24485cea50d1cbac27 -> 
  custom:video-encoder-webm-vp8: eb34c28f22e8b96e1ab97ce403110664 -> 
  custom:video-codec-MediaFoundation-h265: 746d11721c4dcdbdad8f713fa42b33f4 -> 
  custom:video-decoder-webm-vp8: 9c59270c3fd7afecdb556c50c9e8de78 -> 
  custom:audio-decoder-ogg-vorbis: bf7c407c2cedff20999df2af8eb42d56 -> 
  custom:audio-encoder-webm-vorbis: bf7c407c2cedff20999df2af8eb42d56 -> 
========================================================================
Received Import Request.
  Time since last request: 40.731812 seconds.
  path: Assets/Weg_1 1.prefab
  artifactKey: Guid(c700d836e273b2a48a62a4435ba3c5dd) Importer(815301076,1909f56bfc062723c751e8b465ee728b)
Start importing Assets/Weg_1 1.prefab using Guid(c700d836e273b2a48a62a4435ba3c5dd) Importer(815301076,1909f56bfc062723c751e8b465ee728b)  -> (artifact id: '4ae95e234c7a4807c297eff740dc1a32') in 0.093802 seconds 
========================================================================
Received Import Request.
  Time since last request: 12.729223 seconds.
  path: Assets/halbweg_rechts.prefab
  artifactKey: Guid(c700d836e273b2a48a62a4435ba3c5dd) Importer(815301076,1909f56bfc062723c751e8b465ee728b)
Start importing Assets/halbweg_rechts.prefab using Guid(c700d836e273b2a48a62a4435ba3c5dd) Importer(815301076,1909f56bfc062723c751e8b465ee728b)  -> (artifact id: 'ac667d28114bd33a1d597b7b0d41fe1f') in 0.036995 seconds 
========================================================================
Received Import Request.
  Time since last request: 7.087969 seconds.
  path: Assets/halbweg_links.prefab
  artifactKey: Guid(d517f11f9fc2f6d4998350cb7aa5dd40) Importer(815301076,1909f56bfc062723c751e8b465ee728b)
Start importing Assets/halbweg_links.prefab using Guid(d517f11f9fc2f6d4998350cb7aa5dd40) Importer(815301076,1909f56bfc062723c751e8b465ee728b)  -> (artifact id: '7c80467a5f509f084a12014cd68e27aa') in 0.035533 seconds 
========================================================================
Received Import Request.
  Time since last request: 18.325372 seconds.
  path: Assets/halbweg_rechts.prefab
  artifactKey: Guid(c700d836e273b2a48a62a4435ba3c5dd) Importer(815301076,1909f56bfc062723c751e8b465ee728b)
Start importing Assets/halbweg_rechts.prefab using Guid(c700d836e273b2a48a62a4435ba3c5dd) Importer(815301076,1909f56bfc062723c751e8b465ee728b)  -> (artifact id: 'f34800f6b0df22dd5b50408f6ba69061') in 0.038269 seconds 
========================================================================
Received Import Request.
  Time since last request: 59.809593 seconds.
  path: Assets/halbweg_rechts.prefab
  artifactKey: Guid(c700d836e273b2a48a62a4435ba3c5dd) Importer(815301076,1909f56bfc062723c751e8b465ee728b)
Start importing Assets/halbweg_rechts.prefab using Guid(c700d836e273b2a48a62a4435ba3c5dd) Importer(815301076,1909f56bfc062723c751e8b465ee728b)  -> (artifact id: 'a57d6f228b22140e444e95d856b48e38') in 0.037957 seconds 
========================================================================
Received Import Request.
  Time since last request: 1.546485 seconds.
  path: Assets/halbweg_rechts.prefab
  artifactKey: Guid(c700d836e273b2a48a62a4435ba3c5dd) Importer(815301076,1909f56bfc062723c751e8b465ee728b)
Start importing Assets/halbweg_rechts.prefab using Guid(c700d836e273b2a48a62a4435ba3c5dd) Importer(815301076,1909f56bfc062723c751e8b465ee728b)  -> (artifact id: '58aa78185d82258cb730ec15d1ee5889') in 0.038072 seconds 
========================================================================
Received Prepare
Registering precompiled user dll's ...
Registered in 0.003704 seconds.
Begin MonoManager ReloadAssembly
Native extension for WindowsStandalone target not found
Native extension for OSXStandalone target not found
Refreshing native plugins compatible for Editor in 0.96 ms, found 2 plugins.
Preloading 0 native plugins for Editor in 0.00 ms.
Mono: successfully reloaded assembly
- Completed reload, in  1.254 seconds
Domain Reload Profiling:
	ReloadAssembly (1254ms)
		BeginReloadAssembly (155ms)
			ExecutionOrderSort (0ms)
			DisableScriptedObjects (6ms)
			BackupInstance (0ms)
			ReleaseScriptingObjects (0ms)
			CreateAndSetChildDomain (37ms)
		EndReloadAssembly (1005ms)
			LoadAssemblies (140ms)
			RebuildTransferFunctionScriptingTraits (0ms)
			SetupTypeCache (343ms)
			ReleaseScriptCaches (1ms)
			RebuildScriptCaches (48ms)
			SetupLoadedEditorAssemblies (386ms)
				LogAssemblyErrors (0ms)
				InitializePlatformSupportModulesInManaged (7ms)
				SetLoadedEditorAssemblies (1ms)
				RefreshPlugins (1ms)
				BeforeProcessingInitializeOnLoad (100ms)
				ProcessInitializeOnLoadAttributes (242ms)
				ProcessInitializeOnLoadMethodAttributes (20ms)
				AfterProcessingInitializeOnLoad (15ms)
				EditorAssembliesLoaded (0ms)
			ExecutionOrderSort2 (0ms)
			AwakeInstancesAfterBackupRestoration (3ms)
Platform modules already initialized, skipping
Refreshing native plugins compatible for Editor in 1.03 ms, found 2 plugins.
Preloading 0 native plugins for Editor in 0.00 ms.
Unloading 1486 Unused Serialized files (Serialized files now loaded: 0)
System memory in use before: 78.4 MB.
System memory in use after: 78.5 MB.

Unloading 12 unused Assets to reduce memory usage. Loaded Objects now: 2019.
Total: 3.555500 ms (FindLiveObjects: 0.189900 ms CreateObjectMapping: 0.051600 ms MarkObjects: 3.220300 ms  DeleteObjects: 0.092100 ms)

AssetImportParameters requested are different than current active one (requested -> active):
  custom:framework-win-MediaFoundation: 216162199b28c13a410421893ffa2e32 -> 
  custom:video-decoder-ogg-theora: a1e56fd34408186e4bbccfd4996cb3dc -> 
  custom:container-muxer-webm: aa71ff27fc2769a1b78a27578f13a17b -> 
  custom:container-demuxer-webm: 4f35f7cbe854078d1ac9338744f61a02 -> 
  custom:container-demuxer-ogg: 62fdf1f143b41e24485cea50d1cbac27 -> 
  custom:video-encoder-webm-vp8: eb34c28f22e8b96e1ab97ce403110664 -> 
  custom:video-codec-MediaFoundation-h265: 746d11721c4dcdbdad8f713fa42b33f4 -> 
  custom:video-decoder-webm-vp8: 9c59270c3fd7afecdb556c50c9e8de78 -> 
  custom:audio-decoder-ogg-vorbis: bf7c407c2cedff20999df2af8eb42d56 -> 
  custom:audio-encoder-webm-vorbis: bf7c407c2cedff20999df2af8eb42d56 -> 
========================================================================
Received Import Request.
  Time since last request: 66.694858 seconds.
  path: Assets/halbweg_rechts.prefab
  artifactKey: Guid(c700d836e273b2a48a62a4435ba3c5dd) Importer(815301076,1909f56bfc062723c751e8b465ee728b)
Start importing Assets/halbweg_rechts.prefab using Guid(c700d836e273b2a48a62a4435ba3c5dd) Importer(815301076,1909f56bfc062723c751e8b465ee728b)  -> (artifact id: '1a3bd0f3b89bb9ecc850d5d791b80948') in 0.097568 seconds 
========================================================================
Received Import Request.
  Time since last request: 3.334461 seconds.
  path: Assets/halbweg_rechts.prefab
  artifactKey: Guid(c700d836e273b2a48a62a4435ba3c5dd) Importer(815301076,1909f56bfc062723c751e8b465ee728b)
Start importing Assets/halbweg_rechts.prefab using Guid(c700d836e273b2a48a62a4435ba3c5dd) Importer(815301076,1909f56bfc062723c751e8b465ee728b)  -> (artifact id: 'c4d01f5df35f9ed4731e29c4fb591227') in 0.036019 seconds 
========================================================================
Received Import Request.
  Time since last request: 5.385292 seconds.
  path: Assets/halbweg_rechts.prefab
  artifactKey: Guid(c700d836e273b2a48a62a4435ba3c5dd) Importer(815301076,1909f56bfc062723c751e8b465ee728b)
Start importing Assets/halbweg_rechts.prefab using Guid(c700d836e273b2a48a62a4435ba3c5dd) Importer(815301076,1909f56bfc062723c751e8b465ee728b)  -> (artifact id: '034d9ba3a7dae1af713828881f930115') in 0.035606 seconds 
========================================================================
Received Import Request.
  Time since last request: 56.471549 seconds.
  path: Assets/halbweg_rechts.prefab
  artifactKey: Guid(c700d836e273b2a48a62a4435ba3c5dd) Importer(815301076,1909f56bfc062723c751e8b465ee728b)
Start importing Assets/halbweg_rechts.prefab using Guid(c700d836e273b2a48a62a4435ba3c5dd) Importer(815301076,1909f56bfc062723c751e8b465ee728b)  -> (artifact id: 'c9be493a4f8381255e82ffb0561ca36b') in 0.034561 seconds 
========================================================================
Received Import Request.
  Time since last request: 2.781717 seconds.
  path: Assets/halbweg_rechts.prefab
  artifactKey: Guid(c700d836e273b2a48a62a4435ba3c5dd) Importer(815301076,1909f56bfc062723c751e8b465ee728b)
Start importing Assets/halbweg_rechts.prefab using Guid(c700d836e273b2a48a62a4435ba3c5dd) Importer(815301076,1909f56bfc062723c751e8b465ee728b)  -> (artifact id: 'fb4d7720eb2af7db954a9c741c75ae5e') in 0.046223 seconds 
========================================================================
Received Import Request.
  Time since last request: 2.976562 seconds.
  path: Assets/halbweg_rechts.prefab
  artifactKey: Guid(c700d836e273b2a48a62a4435ba3c5dd) Importer(815301076,1909f56bfc062723c751e8b465ee728b)
Start importing Assets/halbweg_rechts.prefab using Guid(c700d836e273b2a48a62a4435ba3c5dd) Importer(815301076,1909f56bfc062723c751e8b465ee728b)  -> (artifact id: '3cd7deb901d09bcf853657e721b7afd2') in 0.035411 seconds 
========================================================================
Received Import Request.
  Time since last request: 3.788724 seconds.
  path: Assets/halbweg_rechts.prefab
  artifactKey: Guid(c700d836e273b2a48a62a4435ba3c5dd) Importer(815301076,1909f56bfc062723c751e8b465ee728b)
Start importing Assets/halbweg_rechts.prefab using Guid(c700d836e273b2a48a62a4435ba3c5dd) Importer(815301076,1909f56bfc062723c751e8b465ee728b)  -> (artifact id: '4e24c044ac0e16f3d9ab706952e28084') in 0.034702 seconds 
========================================================================
Received Import Request.
  Time since last request: 2.586971 seconds.
  path: Assets/halbweg_rechts.prefab
  artifactKey: Guid(c700d836e273b2a48a62a4435ba3c5dd) Importer(815301076,1909f56bfc062723c751e8b465ee728b)
Start importing Assets/halbweg_rechts.prefab using Guid(c700d836e273b2a48a62a4435ba3c5dd) Importer(815301076,1909f56bfc062723c751e8b465ee728b)  -> (artifact id: '21bf32a32d93d27649784e6414bba5e7') in 0.035537 seconds 
========================================================================
Received Import Request.
  Time since last request: 5.007355 seconds.
  path: Assets/halbweg_rechts.prefab
  artifactKey: Guid(c700d836e273b2a48a62a4435ba3c5dd) Importer(815301076,1909f56bfc062723c751e8b465ee728b)
Start importing Assets/halbweg_rechts.prefab using Guid(c700d836e273b2a48a62a4435ba3c5dd) Importer(815301076,1909f56bfc062723c751e8b465ee728b)  -> (artifact id: '007cc1a24c5ad6b73a41ee51e154d2f8') in 0.034865 seconds 
========================================================================
Received Import Request.
  Time since last request: 7.420528 seconds.
  path: Assets/halbweg_rechts.prefab
  artifactKey: Guid(c700d836e273b2a48a62a4435ba3c5dd) Importer(815301076,1909f56bfc062723c751e8b465ee728b)
Start importing Assets/halbweg_rechts.prefab using Guid(c700d836e273b2a48a62a4435ba3c5dd) Importer(815301076,1909f56bfc062723c751e8b465ee728b)  -> (artifact id: '0e95cbb31db2fc328fa159ff7b6e0b15') in 0.035738 seconds 
========================================================================
Received Import Request.
  Time since last request: 4.791343 seconds.
  path: Assets/halbweg_rechts.prefab
  artifactKey: Guid(c700d836e273b2a48a62a4435ba3c5dd) Importer(815301076,1909f56bfc062723c751e8b465ee728b)
Start importing Assets/halbweg_rechts.prefab using Guid(c700d836e273b2a48a62a4435ba3c5dd) Importer(815301076,1909f56bfc062723c751e8b465ee728b)  -> (artifact id: '06f6c698bc64bd81583f57adb0120e3f') in 0.035736 seconds 
========================================================================
Received Import Request.
  Time since last request: 2.793603 seconds.
  path: Assets/halbweg_rechts.prefab
  artifactKey: Guid(c700d836e273b2a48a62a4435ba3c5dd) Importer(815301076,1909f56bfc062723c751e8b465ee728b)
Start importing Assets/halbweg_rechts.prefab using Guid(c700d836e273b2a48a62a4435ba3c5dd) Importer(815301076,1909f56bfc062723c751e8b465ee728b)  -> (artifact id: 'd9529b6877d3c0d9a709343b2f5de060') in 0.037545 seconds 
========================================================================
Received Prepare
Registering precompiled user dll's ...
Registered in 0.003768 seconds.
Begin MonoManager ReloadAssembly
Native extension for WindowsStandalone target not found
Native extension for OSXStandalone target not found
Refreshing native plugins compatible for Editor in 1.08 ms, found 2 plugins.
Preloading 0 native plugins for Editor in 0.00 ms.
Mono: successfully reloaded assembly
- Completed reload, in  1.235 seconds
Domain Reload Profiling:
	ReloadAssembly (1236ms)
		BeginReloadAssembly (155ms)
			ExecutionOrderSort (0ms)
			DisableScriptedObjects (6ms)
			BackupInstance (0ms)
			ReleaseScriptingObjects (0ms)
			CreateAndSetChildDomain (38ms)
		EndReloadAssembly (991ms)
			LoadAssemblies (133ms)
			RebuildTransferFunctionScriptingTraits (0ms)
			SetupTypeCache (336ms)
			ReleaseScriptCaches (1ms)
			RebuildScriptCaches (47ms)
			SetupLoadedEditorAssemblies (384ms)
				LogAssemblyErrors (0ms)
				InitializePlatformSupportModulesInManaged (8ms)
				SetLoadedEditorAssemblies (1ms)
				RefreshPlugins (1ms)
				BeforeProcessingInitializeOnLoad (99ms)
				ProcessInitializeOnLoadAttributes (242ms)
				ProcessInitializeOnLoadMethodAttributes (18ms)
				AfterProcessingInitializeOnLoad (14ms)
				EditorAssembliesLoaded (0ms)
			ExecutionOrderSort2 (0ms)
			AwakeInstancesAfterBackupRestoration (3ms)
Platform modules already initialized, skipping
Refreshing native plugins compatible for Editor in 1.05 ms, found 2 plugins.
Preloading 0 native plugins for Editor in 0.00 ms.
Unloading 1486 Unused Serialized files (Serialized files now loaded: 0)
System memory in use before: 78.4 MB.
System memory in use after: 78.5 MB.

Unloading 12 unused Assets to reduce memory usage. Loaded Objects now: 2023.
Total: 3.790400 ms (FindLiveObjects: 0.196200 ms CreateObjectMapping: 0.044900 ms MarkObjects: 3.453600 ms  DeleteObjects: 0.094400 ms)

AssetImportParameters requested are different than current active one (requested -> active):
  custom:framework-win-MediaFoundation: 216162199b28c13a410421893ffa2e32 -> 
  custom:video-decoder-ogg-theora: a1e56fd34408186e4bbccfd4996cb3dc -> 
  custom:container-muxer-webm: aa71ff27fc2769a1b78a27578f13a17b -> 
  custom:container-demuxer-webm: 4f35f7cbe854078d1ac9338744f61a02 -> 
  custom:container-demuxer-ogg: 62fdf1f143b41e24485cea50d1cbac27 -> 
  custom:video-encoder-webm-vp8: eb34c28f22e8b96e1ab97ce403110664 -> 
  custom:video-codec-MediaFoundation-h265: 746d11721c4dcdbdad8f713fa42b33f4 -> 
  custom:video-decoder-webm-vp8: 9c59270c3fd7afecdb556c50c9e8de78 -> 
  custom:audio-decoder-ogg-vorbis: bf7c407c2cedff20999df2af8eb42d56 -> 
  custom:audio-encoder-webm-vorbis: bf7c407c2cedff20999df2af8eb42d56 -> 
========================================================================
Received Import Request.
  Time since last request: 50.172529 seconds.
  path: Assets/halbweg_links.prefab
  artifactKey: Guid(d517f11f9fc2f6d4998350cb7aa5dd40) Importer(815301076,1909f56bfc062723c751e8b465ee728b)
Start importing Assets/halbweg_links.prefab using Guid(d517f11f9fc2f6d4998350cb7aa5dd40) Importer(815301076,1909f56bfc062723c751e8b465ee728b)  -> (artifact id: 'efe7d2e06797c720684d5f6d5b40f25d') in 0.100780 seconds 
========================================================================
Received Import Request.
  Time since last request: 0.708132 seconds.
  path: Assets/halbweg_links.prefab
  artifactKey: Guid(d517f11f9fc2f6d4998350cb7aa5dd40) Importer(815301076,1909f56bfc062723c751e8b465ee728b)
Start importing Assets/halbweg_links.prefab using Guid(d517f11f9fc2f6d4998350cb7aa5dd40) Importer(815301076,1909f56bfc062723c751e8b465ee728b)  -> (artifact id: '8c651e097428b6468ebc051d8081d5d3') in 0.037109 seconds 
========================================================================
Received Import Request.
  Time since last request: 2.382975 seconds.
  path: Assets/halbweg_links.prefab
  artifactKey: Guid(d517f11f9fc2f6d4998350cb7aa5dd40) Importer(815301076,1909f56bfc062723c751e8b465ee728b)
Start importing Assets/halbweg_links.prefab using Guid(d517f11f9fc2f6d4998350cb7aa5dd40) Importer(815301076,1909f56bfc062723c751e8b465ee728b)  -> (artifact id: 'e3103a2a07cebda0e0c45acba3fda321') in 0.037903 seconds 
========================================================================
Received Import Request.
  Time since last request: 2.590010 seconds.
  path: Assets/halbweg_links.prefab
  artifactKey: Guid(d517f11f9fc2f6d4998350cb7aa5dd40) Importer(815301076,1909f56bfc062723c751e8b465ee728b)
Start importing Assets/halbweg_links.prefab using Guid(d517f11f9fc2f6d4998350cb7aa5dd40) Importer(815301076,1909f56bfc062723c751e8b465ee728b)  -> (artifact id: '5494a0abe525c98552f5cf5a6947edff') in 0.036053 seconds 
========================================================================
Received Import Request.
  Time since last request: 13.677767 seconds.
  path: Assets/halbweg_links.prefab
  artifactKey: Guid(d517f11f9fc2f6d4998350cb7aa5dd40) Importer(815301076,1909f56bfc062723c751e8b465ee728b)
Start importing Assets/halbweg_links.prefab using Guid(d517f11f9fc2f6d4998350cb7aa5dd40) Importer(815301076,1909f56bfc062723c751e8b465ee728b)  -> (artifact id: '6c9eb13161701f95522f85f20bb47ca5') in 0.035069 seconds 
========================================================================
Received Import Request.
  Time since last request: 4.593669 seconds.
  path: Assets/halbweg_links.prefab
  artifactKey: Guid(d517f11f9fc2f6d4998350cb7aa5dd40) Importer(815301076,1909f56bfc062723c751e8b465ee728b)
Start importing Assets/halbweg_links.prefab using Guid(d517f11f9fc2f6d4998350cb7aa5dd40) Importer(815301076,1909f56bfc062723c751e8b465ee728b)  -> (artifact id: '9ebc9ae5726617ab36ece5f7b07df68b') in 0.039533 seconds 
========================================================================
Received Import Request.
  Time since last request: 9.454411 seconds.
  path: Assets/halbweg_links.prefab
  artifactKey: Guid(d517f11f9fc2f6d4998350cb7aa5dd40) Importer(815301076,1909f56bfc062723c751e8b465ee728b)
Start importing Assets/halbweg_links.prefab using Guid(d517f11f9fc2f6d4998350cb7aa5dd40) Importer(815301076,1909f56bfc062723c751e8b465ee728b)  -> (artifact id: 'daba5552c2b1697df65e2fd6fd3dfcdf') in 0.036295 seconds 
========================================================================
Received Import Request.
  Time since last request: 5.583673 seconds.
  path: Assets/halbweg_links.prefab
  artifactKey: Guid(d517f11f9fc2f6d4998350cb7aa5dd40) Importer(815301076,1909f56bfc062723c751e8b465ee728b)
Start importing Assets/halbweg_links.prefab using Guid(d517f11f9fc2f6d4998350cb7aa5dd40) Importer(815301076,1909f56bfc062723c751e8b465ee728b)  -> (artifact id: '6ccc2c3172606b4770a59ffda0aed3ba') in 0.034626 seconds 
========================================================================
Received Import Request.
  Time since last request: 8.228020 seconds.
  path: Assets/halbweg_links.prefab
  artifactKey: Guid(d517f11f9fc2f6d4998350cb7aa5dd40) Importer(815301076,1909f56bfc062723c751e8b465ee728b)
Start importing Assets/halbweg_links.prefab using Guid(d517f11f9fc2f6d4998350cb7aa5dd40) Importer(815301076,1909f56bfc062723c751e8b465ee728b)  -> (artifact id: 'b633ca9c5ffae29c1df054d0ca6e08cd') in 0.037585 seconds 
========================================================================
Received Import Request.
  Time since last request: 12.446900 seconds.
  path: Assets/halbweg_links.prefab
  artifactKey: Guid(d517f11f9fc2f6d4998350cb7aa5dd40) Importer(815301076,1909f56bfc062723c751e8b465ee728b)
Start importing Assets/halbweg_links.prefab using Guid(d517f11f9fc2f6d4998350cb7aa5dd40) Importer(815301076,1909f56bfc062723c751e8b465ee728b)  -> (artifact id: '8bad2bcf3e7823a6a1269b6c192dbad2') in 0.039409 seconds 
========================================================================
Received Import Request.
  Time since last request: 2.757411 seconds.
  path: Assets/halbweg_links.prefab
  artifactKey: Guid(d517f11f9fc2f6d4998350cb7aa5dd40) Importer(815301076,1909f56bfc062723c751e8b465ee728b)
Start importing Assets/halbweg_links.prefab using Guid(d517f11f9fc2f6d4998350cb7aa5dd40) Importer(815301076,1909f56bfc062723c751e8b465ee728b)  -> (artifact id: '9ed2d92326e2a6363e6deb73888ad7c5') in 0.034986 seconds 
========================================================================
Received Import Request.
  Time since last request: 2.787608 seconds.
  path: Assets/halbweg_links.prefab
  artifactKey: Guid(d517f11f9fc2f6d4998350cb7aa5dd40) Importer(815301076,1909f56bfc062723c751e8b465ee728b)
Start importing Assets/halbweg_links.prefab using Guid(d517f11f9fc2f6d4998350cb7aa5dd40) Importer(815301076,1909f56bfc062723c751e8b465ee728b)  -> (artifact id: '48b9bace6694bde5fa7cfabdba2cb0b2') in 0.034264 seconds 
========================================================================
Received Import Request.
  Time since last request: 5.196961 seconds.
  path: Assets/halbweg_links.prefab
  artifactKey: Guid(d517f11f9fc2f6d4998350cb7aa5dd40) Importer(815301076,1909f56bfc062723c751e8b465ee728b)
Start importing Assets/halbweg_links.prefab using Guid(d517f11f9fc2f6d4998350cb7aa5dd40) Importer(815301076,1909f56bfc062723c751e8b465ee728b)  -> (artifact id: '9f8532acc7a8131934e29905191c9665') in 0.035560 seconds 
========================================================================
Received Import Request.
  Time since last request: 4.197054 seconds.
  path: Assets/halbweg_links.prefab
  artifactKey: Guid(d517f11f9fc2f6d4998350cb7aa5dd40) Importer(815301076,1909f56bfc062723c751e8b465ee728b)
Start importing Assets/halbweg_links.prefab using Guid(d517f11f9fc2f6d4998350cb7aa5dd40) Importer(815301076,1909f56bfc062723c751e8b465ee728b)  -> (artifact id: 'd55b6569b3d392c600d9e14816885932') in 0.036477 seconds 
========================================================================
Received Prepare
Registering precompiled user dll's ...
Registered in 0.004060 seconds.
Begin MonoManager ReloadAssembly
Native extension for WindowsStandalone target not found
Native extension for OSXStandalone target not found
Refreshing native plugins compatible for Editor in 1.15 ms, found 2 plugins.
Preloading 0 native plugins for Editor in 0.00 ms.
Mono: successfully reloaded assembly
- Completed reload, in  1.391 seconds
Domain Reload Profiling:
	ReloadAssembly (1392ms)
		BeginReloadAssembly (167ms)
			ExecutionOrderSort (0ms)
			DisableScriptedObjects (6ms)
			BackupInstance (0ms)
			ReleaseScriptingObjects (0ms)
			CreateAndSetChildDomain (45ms)
		EndReloadAssembly (1127ms)
			LoadAssemblies (138ms)
			RebuildTransferFunctionScriptingTraits (0ms)
			SetupTypeCache (388ms)
			ReleaseScriptCaches (1ms)
			RebuildScriptCaches (53ms)
			SetupLoadedEditorAssemblies (444ms)
				LogAssemblyErrors (0ms)
				InitializePlatformSupportModulesInManaged (8ms)
				SetLoadedEditorAssemblies (1ms)
				RefreshPlugins (1ms)
				BeforeProcessingInitializeOnLoad (107ms)
				ProcessInitializeOnLoadAttributes (292ms)
				ProcessInitializeOnLoadMethodAttributes (19ms)
				AfterProcessingInitializeOnLoad (15ms)
				EditorAssembliesLoaded (0ms)
			ExecutionOrderSort2 (0ms)
			AwakeInstancesAfterBackupRestoration (3ms)
Platform modules already initialized, skipping
Refreshing native plugins compatible for Editor in 1.12 ms, found 2 plugins.
Preloading 0 native plugins for Editor in 0.00 ms.
Unloading 1486 Unused Serialized files (Serialized files now loaded: 0)
System memory in use before: 78.4 MB.
System memory in use after: 78.5 MB.

Unloading 12 unused Assets to reduce memory usage. Loaded Objects now: 2027.
Total: 4.068100 ms (FindLiveObjects: 0.206500 ms CreateObjectMapping: 0.044100 ms MarkObjects: 3.712700 ms  DeleteObjects: 0.103300 ms)

AssetImportParameters requested are different than current active one (requested -> active):
  custom:framework-win-MediaFoundation: 216162199b28c13a410421893ffa2e32 -> 
  custom:video-decoder-ogg-theora: a1e56fd34408186e4bbccfd4996cb3dc -> 
  custom:container-muxer-webm: aa71ff27fc2769a1b78a27578f13a17b -> 
  custom:container-demuxer-webm: 4f35f7cbe854078d1ac9338744f61a02 -> 
  custom:container-demuxer-ogg: 62fdf1f143b41e24485cea50d1cbac27 -> 
  custom:video-encoder-webm-vp8: eb34c28f22e8b96e1ab97ce403110664 -> 
  custom:video-codec-MediaFoundation-h265: 746d11721c4dcdbdad8f713fa42b33f4 -> 
  custom:video-decoder-webm-vp8: 9c59270c3fd7afecdb556c50c9e8de78 -> 
  custom:audio-decoder-ogg-vorbis: bf7c407c2cedff20999df2af8eb42d56 -> 
  custom:audio-encoder-webm-vorbis: bf7c407c2cedff20999df2af8eb42d56 -> 
AssetImportWorkerClient::OnTransportError - code=2 error=End of file
