Using pre-set license
Built from '2021.3/staging' branch; Version is '2021.3.15f1 (e8e88683f834) revision 15263878'; Using compiler version '192829333'; Build Type 'Release'
OS: 'Windows 10  (10.0.19045) 64bit Professional' Language: 'de' Physical Memory: 16317 MB
BatchMode: 1, IsHumanControllingUs: 0, StartBugReporterOnCrash: 0, Is64bit: 1, IsPro: 1

COMMAND LINE ARGUMENTS:
C:\Program Files\Unity\Hub\Editor\2021.3.15f1\Editor\Unity.exe
-adb2
-batchMode
-noUpm
-name
AssetImportWorker0
-projectPath
H:/Sports games/endless spawner
-logFile
Logs/AssetImportWorker0.log
-srvPort
59397
Successfully changed project path to: H:/Sports games/endless spawner
H:/Sports games/endless spawner
[UnityMemory] Configuration Parameters - Can be set up in boot.config
    "memorysetup-bucket-allocator-granularity=16"
    "memorysetup-bucket-allocator-bucket-count=8"
    "memorysetup-bucket-allocator-block-size=33554432"
    "memorysetup-bucket-allocator-block-count=8"
    "memorysetup-main-allocator-block-size=16777216"
    "memorysetup-thread-allocator-block-size=16777216"
    "memorysetup-gfx-main-allocator-block-size=16777216"
    "memorysetup-gfx-thread-allocator-block-size=16777216"
    "memorysetup-cache-allocator-block-size=4194304"
    "memorysetup-typetree-allocator-block-size=2097152"
    "memorysetup-profiler-bucket-allocator-granularity=16"
    "memorysetup-profiler-bucket-allocator-bucket-count=8"
    "memorysetup-profiler-bucket-allocator-block-size=33554432"
    "memorysetup-profiler-bucket-allocator-block-count=8"
    "memorysetup-profiler-allocator-block-size=16777216"
    "memorysetup-profiler-editor-allocator-block-size=1048576"
    "memorysetup-temp-allocator-size-main=16777216"
    "memorysetup-job-temp-allocator-block-size=2097152"
    "memorysetup-job-temp-allocator-block-size-background=1048576"
    "memorysetup-job-temp-allocator-reduction-small-platforms=262144"
    "memorysetup-temp-allocator-size-background-worker=32768"
    "memorysetup-temp-allocator-size-job-worker=262144"
    "memorysetup-temp-allocator-size-preload-manager=33554432"
    "memorysetup-temp-allocator-size-nav-mesh-worker=65536"
    "memorysetup-temp-allocator-size-audio-worker=65536"
    "memorysetup-temp-allocator-size-cloud-worker=32768"
    "memorysetup-temp-allocator-size-gi-baking-worker=262144"
    "memorysetup-temp-allocator-size-gfx=262144"
Player connection [7440] Host "[IP] 192.168.178.27 [Port] 0 [Flags] 2 [Guid] 1219243062 [EditorId] 1219243062 [Version] 1048832 [Id] WindowsEditor(7,DESKTOP-DKNUQBQ) [Debug] 1 [PackageName] WindowsEditor [ProjectName] Editor" joined multi-casting on [225.0.0.222:54997]...

Player connection [7440] Host "[IP] 192.168.178.27 [Port] 0 [Flags] 2 [Guid] 1219243062 [EditorId] 1219243062 [Version] 1048832 [Id] WindowsEditor(7,DESKTOP-DKNUQBQ) [Debug] 1 [PackageName] WindowsEditor [ProjectName] Editor" joined alternative multi-casting on [225.0.0.222:34997]...

Refreshing native plugins compatible for Editor in 131.65 ms, found 4 plugins.
Preloading 0 native plugins for Editor in 0.00 ms.
Initialize engine version: 2021.3.15f1 (e8e88683f834)
[Subsystems] Discovering subsystems at path C:/Program Files/Unity/Hub/Editor/2021.3.15f1/Editor/Data/Resources/UnitySubsystems
[Subsystems] Discovering subsystems at path H:/Sports games/endless spawner/Assets
GfxDevice: creating device client; threaded=0; jobified=0
Direct3D:
    Version:  Direct3D 11.0 [level 11.1]
    Renderer: NVIDIA GeForce RTX 2070 (ID=0x1f02)
    Vendor:   NVIDIA
    VRAM:     8031 MB
    Driver:   31.0.15.1694
Initialize mono
Mono path[0] = 'C:/Program Files/Unity/Hub/Editor/2021.3.15f1/Editor/Data/Managed'
Mono path[1] = 'C:/Program Files/Unity/Hub/Editor/2021.3.15f1/Editor/Data/MonoBleedingEdge/lib/mono/unityjit-win32'
Mono config path = 'C:/Program Files/Unity/Hub/Editor/2021.3.15f1/Editor/Data/MonoBleedingEdge/etc'
Using monoOptions --debugger-agent=transport=dt_socket,embedding=1,server=y,suspend=n,address=127.0.0.1:56544
Begin MonoManager ReloadAssembly
Registering precompiled unity dll's ...
Register platform support module: C:/Program Files/Unity/Hub/Editor/2021.3.15f1/Editor/Data/PlaybackEngines/WindowsStandaloneSupport/UnityEditor.WindowsStandalone.Extensions.dll
Registered in 0.016473 seconds.
Native extension for WindowsStandalone target not found
Refreshing native plugins compatible for Editor in 141.31 ms, found 4 plugins.
Preloading 0 native plugins for Editor in 0.00 ms.
Mono: successfully reloaded assembly
- Completed reload, in  1.156 seconds
Domain Reload Profiling:
	ReloadAssembly (1156ms)
		BeginReloadAssembly (145ms)
			ExecutionOrderSort (0ms)
			DisableScriptedObjects (0ms)
			BackupInstance (0ms)
			ReleaseScriptingObjects (0ms)
			CreateAndSetChildDomain (1ms)
		EndReloadAssembly (806ms)
			LoadAssemblies (138ms)
			RebuildTransferFunctionScriptingTraits (0ms)
			SetupTypeCache (179ms)
			ReleaseScriptCaches (0ms)
			RebuildScriptCaches (51ms)
			SetupLoadedEditorAssemblies (487ms)
				LogAssemblyErrors (0ms)
				InitializePlatformSupportModulesInManaged (19ms)
				SetLoadedEditorAssemblies (0ms)
				RefreshPlugins (141ms)
				BeforeProcessingInitializeOnLoad (2ms)
				ProcessInitializeOnLoadAttributes (247ms)
				ProcessInitializeOnLoadMethodAttributes (78ms)
				AfterProcessingInitializeOnLoad (0ms)
				EditorAssembliesLoaded (0ms)
			ExecutionOrderSort2 (0ms)
			AwakeInstancesAfterBackupRestoration (0ms)
Platform modules already initialized, skipping
Registering precompiled user dll's ...
Registered in 0.008171 seconds.
Begin MonoManager ReloadAssembly
Native extension for WindowsStandalone target not found
Refreshing native plugins compatible for Editor in 134.23 ms, found 4 plugins.
Preloading 0 native plugins for Editor in 0.00 ms.
Mono: successfully reloaded assembly
- Completed reload, in  2.197 seconds
Domain Reload Profiling:
	ReloadAssembly (2199ms)
		BeginReloadAssembly (203ms)
			ExecutionOrderSort (0ms)
			DisableScriptedObjects (10ms)
			BackupInstance (0ms)
			ReleaseScriptingObjects (0ms)
			CreateAndSetChildDomain (30ms)
		EndReloadAssembly (1783ms)
			LoadAssemblies (166ms)
			RebuildTransferFunctionScriptingTraits (0ms)
			SetupTypeCache (413ms)
			ReleaseScriptCaches (1ms)
			RebuildScriptCaches (113ms)
			SetupLoadedEditorAssemblies (1026ms)
				LogAssemblyErrors (0ms)
				InitializePlatformSupportModulesInManaged (9ms)
				SetLoadedEditorAssemblies (0ms)
				RefreshPlugins (134ms)
				BeforeProcessingInitializeOnLoad (111ms)
				ProcessInitializeOnLoadAttributes (677ms)
				ProcessInitializeOnLoadMethodAttributes (71ms)
				AfterProcessingInitializeOnLoad (21ms)
				EditorAssembliesLoaded (1ms)
			ExecutionOrderSort2 (0ms)
			AwakeInstancesAfterBackupRestoration (9ms)
Platform modules already initialized, skipping
========================================================================
Worker process is ready to serve import requests
Launched and connected shader compiler UnityShaderCompiler.exe after 0.09 seconds
Refreshing native plugins compatible for Editor in 2.18 ms, found 4 plugins.
Preloading 0 native plugins for Editor in 0.00 ms.
Unloading 2835 Unused Serialized files (Serialized files now loaded: 0)
Unloading 36 unused Assets / (57.2 KB). Loaded Objects now: 3300.
Memory consumption went from 127.1 MB to 127.0 MB.
Total: 8.700200 ms (FindLiveObjects: 0.436500 ms CreateObjectMapping: 0.099700 ms MarkObjects: 8.009500 ms  DeleteObjects: 0.152300 ms)

AssetImportParameters requested are different than current active one (requested -> active):
  custom:video-decoder-ogg-theora: a1e56fd34408186e4bbccfd4996cb3dc -> 
  custom:container-muxer-webm: aa71ff27fc2769a1b78a27578f13a17b -> 
  custom:container-demuxer-webm: 4f35f7cbe854078d1ac9338744f61a02 -> 
  custom:video-encoder-webm-vp8: eb34c28f22e8b96e1ab97ce403110664 -> 
  custom:video-codec-MediaFoundation-h265: 746d11721c4dcdbdad8f713fa42b33f4 -> 
  custom:audio-encoder-webm-vorbis: bf7c407c2cedff20999df2af8eb42d56 -> 
  custom:framework-win-MediaFoundation: 216162199b28c13a410421893ffa2e32 -> 
  custom:container-demuxer-ogg: 62fdf1f143b41e24485cea50d1cbac27 -> 
  custom:video-decoder-webm-vp8: 9c59270c3fd7afecdb556c50c9e8de78 -> 
  custom:audio-decoder-ogg-vorbis: bf7c407c2cedff20999df2af8eb42d56 -> 
========================================================================
Received Import Request.
  Time since last request: 8973.047846 seconds.
  path: Assets/Models
  artifactKey: Guid(b41cb78f70a8c704db886a628c4ab434) Importer(815301076,1909f56bfc062723c751e8b465ee728b)
Start importing Assets/Models using Guid(b41cb78f70a8c704db886a628c4ab434) Importer(815301076,1909f56bfc062723c751e8b465ee728b)  -> (artifact id: 'ab48fd43076622219848d8064742907f') in 0.010868 seconds 
========================================================================
Received Import Request.
  Time since last request: 13.798061 seconds.
  path: Assets/SCRIPTS
  artifactKey: Guid(440c08cf8b504b14c8e4efafe72b72e4) Importer(815301076,1909f56bfc062723c751e8b465ee728b)
Start importing Assets/SCRIPTS using Guid(440c08cf8b504b14c8e4efafe72b72e4) Importer(815301076,1909f56bfc062723c751e8b465ee728b)  -> (artifact id: '5d43682be4862fcc62ef4ac9eb62c929') in 0.002954 seconds 
========================================================================
Received Import Request.
  Time since last request: 1.547990 seconds.
  path: Assets/SCRIPTS/Tutorial.cs
  artifactKey: Guid(92123d5462e001143818f165fedd5d88) Importer(815301076,1909f56bfc062723c751e8b465ee728b)
Start importing Assets/SCRIPTS/Tutorial.cs using Guid(92123d5462e001143818f165fedd5d88) Importer(815301076,1909f56bfc062723c751e8b465ee728b)  -> (artifact id: '5c3274c72204af79a4071f65c13b3837') in 0.130372 seconds 
========================================================================
Received Import Request.
  Time since last request: 0.570954 seconds.
  path: Assets/SCRIPTS/TileManager.cs
  artifactKey: Guid(f7bd9164ad873294f85852f65396abdf) Importer(815301076,1909f56bfc062723c751e8b465ee728b)
Start importing Assets/SCRIPTS/TileManager.cs using Guid(f7bd9164ad873294f85852f65396abdf) Importer(815301076,1909f56bfc062723c751e8b465ee728b)  -> (artifact id: '42c33ea08c9745b70361a9761354a8fd') in 0.002478 seconds 
========================================================================
Received Import Request.
  Time since last request: 26.824414 seconds.
  path: Assets/SCRIPTS/Play.cs
  artifactKey: Guid(065e7462daadcec4380df34c2887adac) Importer(815301076,1909f56bfc062723c751e8b465ee728b)
Start importing Assets/SCRIPTS/Play.cs using Guid(065e7462daadcec4380df34c2887adac) Importer(815301076,1909f56bfc062723c751e8b465ee728b)  -> (artifact id: '7c9c99c617ae29926bdc5edb637f2b50') in 0.002853 seconds 
========================================================================
Received Import Request.
  Time since last request: 0.846915 seconds.
  path: Assets/SCRIPTS/Obstacle.cs
  artifactKey: Guid(948414644a29d1d4bbc5984461c9774b) Importer(815301076,1909f56bfc062723c751e8b465ee728b)
Start importing Assets/SCRIPTS/Obstacle.cs using Guid(948414644a29d1d4bbc5984461c9774b) Importer(815301076,1909f56bfc062723c751e8b465ee728b)  -> (artifact id: '73d83b57a26086cc487086b44e77f94c') in 0.004676 seconds 
========================================================================
Received Import Request.
  Time since last request: 215.883776 seconds.
  path: Assets/SCRIPTS/TileManager.cs
  artifactKey: Guid(f7bd9164ad873294f85852f65396abdf) Importer(815301076,1909f56bfc062723c751e8b465ee728b)
Start importing Assets/SCRIPTS/TileManager.cs using Guid(f7bd9164ad873294f85852f65396abdf) Importer(815301076,1909f56bfc062723c751e8b465ee728b)  -> (artifact id: '7c6e255db335a61d5f67f8cda93540b5') in 0.002373 seconds 
========================================================================
Received Prepare
Registering precompiled user dll's ...
Registered in 0.010235 seconds.
Begin MonoManager ReloadAssembly
Native extension for WindowsStandalone target not found
Refreshing native plugins compatible for Editor in 2.25 ms, found 4 plugins.
Preloading 0 native plugins for Editor in 0.00 ms.
Mono: successfully reloaded assembly
- Completed reload, in  2.018 seconds
Domain Reload Profiling:
	ReloadAssembly (2019ms)
		BeginReloadAssembly (263ms)
			ExecutionOrderSort (0ms)
			DisableScriptedObjects (15ms)
			BackupInstance (0ms)
			ReleaseScriptingObjects (0ms)
			CreateAndSetChildDomain (73ms)
		EndReloadAssembly (1558ms)
			LoadAssemblies (171ms)
			RebuildTransferFunctionScriptingTraits (0ms)
			SetupTypeCache (442ms)
			ReleaseScriptCaches (2ms)
			RebuildScriptCaches (69ms)
			SetupLoadedEditorAssemblies (829ms)
				LogAssemblyErrors (0ms)
				InitializePlatformSupportModulesInManaged (24ms)
				SetLoadedEditorAssemblies (1ms)
				RefreshPlugins (2ms)
				BeforeProcessingInitializeOnLoad (108ms)
				ProcessInitializeOnLoadAttributes (616ms)
				ProcessInitializeOnLoadMethodAttributes (58ms)
				AfterProcessingInitializeOnLoad (19ms)
				EditorAssembliesLoaded (0ms)
			ExecutionOrderSort2 (0ms)
			AwakeInstancesAfterBackupRestoration (15ms)
Platform modules already initialized, skipping
Refreshing native plugins compatible for Editor in 6.71 ms, found 4 plugins.
Preloading 0 native plugins for Editor in 0.00 ms.
Unloading 2807 Unused Serialized files (Serialized files now loaded: 0)
Unloading 23 unused Assets / (24.7 KB). Loaded Objects now: 3303.
Memory consumption went from 124.6 MB to 124.6 MB.
Total: 5.271800 ms (FindLiveObjects: 0.371000 ms CreateObjectMapping: 0.086900 ms MarkObjects: 4.761600 ms  DeleteObjects: 0.050200 ms)

AssetImportParameters requested are different than current active one (requested -> active):
  custom:video-decoder-ogg-theora: a1e56fd34408186e4bbccfd4996cb3dc -> 
  custom:container-muxer-webm: aa71ff27fc2769a1b78a27578f13a17b -> 
  custom:container-demuxer-webm: 4f35f7cbe854078d1ac9338744f61a02 -> 
  custom:video-encoder-webm-vp8: eb34c28f22e8b96e1ab97ce403110664 -> 
  custom:video-codec-MediaFoundation-h265: 746d11721c4dcdbdad8f713fa42b33f4 -> 
  custom:audio-encoder-webm-vorbis: bf7c407c2cedff20999df2af8eb42d56 -> 
  custom:framework-win-MediaFoundation: 216162199b28c13a410421893ffa2e32 -> 
  custom:container-demuxer-ogg: 62fdf1f143b41e24485cea50d1cbac27 -> 
  custom:video-decoder-webm-vp8: 9c59270c3fd7afecdb556c50c9e8de78 -> 
  custom:audio-decoder-ogg-vorbis: bf7c407c2cedff20999df2af8eb42d56 -> 
========================================================================
Received Import Request.
  Time since last request: 116.582820 seconds.
  path: Assets/SCRIPTS/TileManager.cs
  artifactKey: Guid(f7bd9164ad873294f85852f65396abdf) Importer(815301076,1909f56bfc062723c751e8b465ee728b)
Start importing Assets/SCRIPTS/TileManager.cs using Guid(f7bd9164ad873294f85852f65396abdf) Importer(815301076,1909f56bfc062723c751e8b465ee728b)  -> (artifact id: '0195313f97cf8c7ffd2961be1c088d9f') in 0.009091 seconds 
========================================================================
Received Prepare
Registering precompiled user dll's ...
Registered in 0.006642 seconds.
Begin MonoManager ReloadAssembly
Native extension for WindowsStandalone target not found
Refreshing native plugins compatible for Editor in 1.57 ms, found 4 plugins.
Preloading 0 native plugins for Editor in 0.00 ms.
Mono: successfully reloaded assembly
- Completed reload, in  1.709 seconds
Domain Reload Profiling:
	ReloadAssembly (1710ms)
		BeginReloadAssembly (240ms)
			ExecutionOrderSort (0ms)
			DisableScriptedObjects (10ms)
			BackupInstance (0ms)
			ReleaseScriptingObjects (0ms)
			CreateAndSetChildDomain (54ms)
		EndReloadAssembly (1302ms)
			LoadAssemblies (176ms)
			RebuildTransferFunctionScriptingTraits (0ms)
			SetupTypeCache (319ms)
			ReleaseScriptCaches (1ms)
			RebuildScriptCaches (58ms)
			SetupLoadedEditorAssemblies (738ms)
				LogAssemblyErrors (0ms)
				InitializePlatformSupportModulesInManaged (20ms)
				SetLoadedEditorAssemblies (1ms)
				RefreshPlugins (2ms)
				BeforeProcessingInitializeOnLoad (89ms)
				ProcessInitializeOnLoadAttributes (547ms)
				ProcessInitializeOnLoadMethodAttributes (57ms)
				AfterProcessingInitializeOnLoad (22ms)
				EditorAssembliesLoaded (0ms)
			ExecutionOrderSort2 (0ms)
			AwakeInstancesAfterBackupRestoration (12ms)
Platform modules already initialized, skipping
Refreshing native plugins compatible for Editor in 4.05 ms, found 4 plugins.
Preloading 0 native plugins for Editor in 0.00 ms.
Unloading 2807 Unused Serialized files (Serialized files now loaded: 0)
Unloading 23 unused Assets / (24.6 KB). Loaded Objects now: 3306.
Memory consumption went from 124.6 MB to 124.6 MB.
Total: 4.752500 ms (FindLiveObjects: 0.307400 ms CreateObjectMapping: 0.092600 ms MarkObjects: 4.316000 ms  DeleteObjects: 0.035100 ms)

AssetImportParameters requested are different than current active one (requested -> active):
  custom:video-decoder-ogg-theora: a1e56fd34408186e4bbccfd4996cb3dc -> 
  custom:container-muxer-webm: aa71ff27fc2769a1b78a27578f13a17b -> 
  custom:container-demuxer-webm: 4f35f7cbe854078d1ac9338744f61a02 -> 
  custom:video-encoder-webm-vp8: eb34c28f22e8b96e1ab97ce403110664 -> 
  custom:video-codec-MediaFoundation-h265: 746d11721c4dcdbdad8f713fa42b33f4 -> 
  custom:audio-encoder-webm-vorbis: bf7c407c2cedff20999df2af8eb42d56 -> 
  custom:framework-win-MediaFoundation: 216162199b28c13a410421893ffa2e32 -> 
  custom:container-demuxer-ogg: 62fdf1f143b41e24485cea50d1cbac27 -> 
  custom:video-decoder-webm-vp8: 9c59270c3fd7afecdb556c50c9e8de78 -> 
  custom:audio-decoder-ogg-vorbis: bf7c407c2cedff20999df2af8eb42d56 -> 
========================================================================
Received Import Request.
  Time since last request: 45.758307 seconds.
  path: Assets/SCRIPTS/TileManager.cs
  artifactKey: Guid(f7bd9164ad873294f85852f65396abdf) Importer(815301076,1909f56bfc062723c751e8b465ee728b)
Start importing Assets/SCRIPTS/TileManager.cs using Guid(f7bd9164ad873294f85852f65396abdf) Importer(815301076,1909f56bfc062723c751e8b465ee728b)  -> (artifact id: '6290995e5122439fc9f1d37b662ff27c') in 0.008235 seconds 
========================================================================
Received Prepare
Registering precompiled user dll's ...
Registered in 0.006134 seconds.
Begin MonoManager ReloadAssembly
Native extension for WindowsStandalone target not found
Refreshing native plugins compatible for Editor in 1.49 ms, found 4 plugins.
Preloading 0 native plugins for Editor in 0.00 ms.
Mono: successfully reloaded assembly
- Completed reload, in  1.805 seconds
Domain Reload Profiling:
	ReloadAssembly (1806ms)
		BeginReloadAssembly (193ms)
			ExecutionOrderSort (0ms)
			DisableScriptedObjects (11ms)
			BackupInstance (0ms)
			ReleaseScriptingObjects (0ms)
			CreateAndSetChildDomain (49ms)
		EndReloadAssembly (1448ms)
			LoadAssemblies (139ms)
			RebuildTransferFunctionScriptingTraits (0ms)
			SetupTypeCache (412ms)
			ReleaseScriptCaches (2ms)
			RebuildScriptCaches (70ms)
			SetupLoadedEditorAssemblies (765ms)
				LogAssemblyErrors (0ms)
				InitializePlatformSupportModulesInManaged (19ms)
				SetLoadedEditorAssemblies (1ms)
				RefreshPlugins (2ms)
				BeforeProcessingInitializeOnLoad (98ms)
				ProcessInitializeOnLoadAttributes (573ms)
				ProcessInitializeOnLoadMethodAttributes (54ms)
				AfterProcessingInitializeOnLoad (19ms)
				EditorAssembliesLoaded (0ms)
			ExecutionOrderSort2 (0ms)
			AwakeInstancesAfterBackupRestoration (11ms)
Platform modules already initialized, skipping
Refreshing native plugins compatible for Editor in 3.90 ms, found 4 plugins.
Preloading 0 native plugins for Editor in 0.00 ms.
Unloading 2807 Unused Serialized files (Serialized files now loaded: 0)
Unloading 23 unused Assets / (24.7 KB). Loaded Objects now: 3309.
Memory consumption went from 124.6 MB to 124.6 MB.
Total: 5.368000 ms (FindLiveObjects: 0.338000 ms CreateObjectMapping: 0.085500 ms MarkObjects: 4.886800 ms  DeleteObjects: 0.055900 ms)

AssetImportParameters requested are different than current active one (requested -> active):
  custom:video-decoder-ogg-theora: a1e56fd34408186e4bbccfd4996cb3dc -> 
  custom:container-muxer-webm: aa71ff27fc2769a1b78a27578f13a17b -> 
  custom:container-demuxer-webm: 4f35f7cbe854078d1ac9338744f61a02 -> 
  custom:video-encoder-webm-vp8: eb34c28f22e8b96e1ab97ce403110664 -> 
  custom:video-codec-MediaFoundation-h265: 746d11721c4dcdbdad8f713fa42b33f4 -> 
  custom:audio-encoder-webm-vorbis: bf7c407c2cedff20999df2af8eb42d56 -> 
  custom:framework-win-MediaFoundation: 216162199b28c13a410421893ffa2e32 -> 
  custom:container-demuxer-ogg: 62fdf1f143b41e24485cea50d1cbac27 -> 
  custom:video-decoder-webm-vp8: 9c59270c3fd7afecdb556c50c9e8de78 -> 
  custom:audio-decoder-ogg-vorbis: bf7c407c2cedff20999df2af8eb42d56 -> 
========================================================================
Received Import Request.
  Time since last request: 302.643551 seconds.
  path: Assets/SCRIPTS/TileManager.cs
  artifactKey: Guid(f7bd9164ad873294f85852f65396abdf) Importer(815301076,1909f56bfc062723c751e8b465ee728b)
Start importing Assets/SCRIPTS/TileManager.cs using Guid(f7bd9164ad873294f85852f65396abdf) Importer(815301076,1909f56bfc062723c751e8b465ee728b)  -> (artifact id: 'd01c46fca8d69992d79a062b37659c50') in 0.013299 seconds 
========================================================================
Received Prepare
Registering precompiled user dll's ...
Registered in 0.012154 seconds.
Begin MonoManager ReloadAssembly
Native extension for WindowsStandalone target not found
Refreshing native plugins compatible for Editor in 1.75 ms, found 4 plugins.
Preloading 0 native plugins for Editor in 0.00 ms.
Mono: successfully reloaded assembly
- Completed reload, in  2.007 seconds
Domain Reload Profiling:
	ReloadAssembly (2008ms)
		BeginReloadAssembly (254ms)
			ExecutionOrderSort (0ms)
			DisableScriptedObjects (12ms)
			BackupInstance (0ms)
			ReleaseScriptingObjects (0ms)
			CreateAndSetChildDomain (75ms)
		EndReloadAssembly (1556ms)
			LoadAssemblies (170ms)
			RebuildTransferFunctionScriptingTraits (0ms)
			SetupTypeCache (385ms)
			ReleaseScriptCaches (3ms)
			RebuildScriptCaches (77ms)
			SetupLoadedEditorAssemblies (860ms)
				LogAssemblyErrors (0ms)
				InitializePlatformSupportModulesInManaged (25ms)
				SetLoadedEditorAssemblies (1ms)
				RefreshPlugins (2ms)
				BeforeProcessingInitializeOnLoad (110ms)
				ProcessInitializeOnLoadAttributes (638ms)
				ProcessInitializeOnLoadMethodAttributes (62ms)
				AfterProcessingInitializeOnLoad (23ms)
				EditorAssembliesLoaded (0ms)
			ExecutionOrderSort2 (0ms)
			AwakeInstancesAfterBackupRestoration (13ms)
Platform modules already initialized, skipping
Refreshing native plugins compatible for Editor in 3.76 ms, found 4 plugins.
Preloading 0 native plugins for Editor in 0.00 ms.
Unloading 2807 Unused Serialized files (Serialized files now loaded: 0)
Unloading 23 unused Assets / (24.7 KB). Loaded Objects now: 3312.
Memory consumption went from 124.6 MB to 124.6 MB.
Total: 5.438100 ms (FindLiveObjects: 0.456400 ms CreateObjectMapping: 0.131000 ms MarkObjects: 4.805500 ms  DeleteObjects: 0.042900 ms)

AssetImportParameters requested are different than current active one (requested -> active):
  custom:video-decoder-ogg-theora: a1e56fd34408186e4bbccfd4996cb3dc -> 
  custom:container-muxer-webm: aa71ff27fc2769a1b78a27578f13a17b -> 
  custom:container-demuxer-webm: 4f35f7cbe854078d1ac9338744f61a02 -> 
  custom:video-encoder-webm-vp8: eb34c28f22e8b96e1ab97ce403110664 -> 
  custom:video-codec-MediaFoundation-h265: 746d11721c4dcdbdad8f713fa42b33f4 -> 
  custom:audio-encoder-webm-vorbis: bf7c407c2cedff20999df2af8eb42d56 -> 
  custom:framework-win-MediaFoundation: 216162199b28c13a410421893ffa2e32 -> 
  custom:container-demuxer-ogg: 62fdf1f143b41e24485cea50d1cbac27 -> 
  custom:video-decoder-webm-vp8: 9c59270c3fd7afecdb556c50c9e8de78 -> 
  custom:audio-decoder-ogg-vorbis: bf7c407c2cedff20999df2af8eb42d56 -> 
========================================================================
Received Import Request.
  Time since last request: 94.686754 seconds.
  path: Assets/Felix Prefabs/Weg_1.prefab
  artifactKey: Guid(51cd586a242acb14681bfad5bf707b33) Importer(815301076,1909f56bfc062723c751e8b465ee728b)
Start importing Assets/Felix Prefabs/Weg_1.prefab using Guid(51cd586a242acb14681bfad5bf707b33) Importer(815301076,1909f56bfc062723c751e8b465ee728b)  -> (artifact id: '83705c269439e4f0797a0e1c872839cc') in 0.218857 seconds 
========================================================================
Received Import Request.
  Time since last request: 7.548346 seconds.
  path: Assets/Felix Prefabs/Weg_1.prefab
  artifactKey: Guid(51cd586a242acb14681bfad5bf707b33) Importer(815301076,1909f56bfc062723c751e8b465ee728b)
Start importing Assets/Felix Prefabs/Weg_1.prefab using Guid(51cd586a242acb14681bfad5bf707b33) Importer(815301076,1909f56bfc062723c751e8b465ee728b)  -> (artifact id: '5e7404055282e30463615c28b107f16d') in 0.083893 seconds 
========================================================================
Received Import Request.
  Time since last request: 3.714040 seconds.
  path: Assets/Felix Prefabs/Weg_1.prefab
  artifactKey: Guid(51cd586a242acb14681bfad5bf707b33) Importer(815301076,1909f56bfc062723c751e8b465ee728b)
Start importing Assets/Felix Prefabs/Weg_1.prefab using Guid(51cd586a242acb14681bfad5bf707b33) Importer(815301076,1909f56bfc062723c751e8b465ee728b)  -> (artifact id: '9f0cdb54b813ef6a362ba57ffdd9b422') in 0.047125 seconds 
========================================================================
Received Import Request.
  Time since last request: 0.649064 seconds.
  path: Assets/Felix Prefabs/Weg_1.prefab
  artifactKey: Guid(51cd586a242acb14681bfad5bf707b33) Importer(815301076,1909f56bfc062723c751e8b465ee728b)
Start importing Assets/Felix Prefabs/Weg_1.prefab using Guid(51cd586a242acb14681bfad5bf707b33) Importer(815301076,1909f56bfc062723c751e8b465ee728b)  -> (artifact id: '06b2ac3855956f99db1323d32ff47ea7') in 0.046086 seconds 
========================================================================
Received Import Request.
  Time since last request: 3.428376 seconds.
  path: Assets/Felix Prefabs/Weg_1.prefab
  artifactKey: Guid(51cd586a242acb14681bfad5bf707b33) Importer(815301076,1909f56bfc062723c751e8b465ee728b)
Start importing Assets/Felix Prefabs/Weg_1.prefab using Guid(51cd586a242acb14681bfad5bf707b33) Importer(815301076,1909f56bfc062723c751e8b465ee728b)  -> (artifact id: '2329346a97b421ea89f9814115c21920') in 0.056014 seconds 
========================================================================
Received Import Request.
  Time since last request: 9.904465 seconds.
  path: Assets/Felix Prefabs/Weg_1.prefab
  artifactKey: Guid(51cd586a242acb14681bfad5bf707b33) Importer(815301076,1909f56bfc062723c751e8b465ee728b)
Start importing Assets/Felix Prefabs/Weg_1.prefab using Guid(51cd586a242acb14681bfad5bf707b33) Importer(815301076,1909f56bfc062723c751e8b465ee728b)  -> (artifact id: 'cd676033dec1e251c6aac0acf5a5080e') in 0.052481 seconds 
========================================================================
Received Import Request.
  Time since last request: 5.104341 seconds.
  path: Assets/Felix Prefabs/Weg_1.prefab
  artifactKey: Guid(51cd586a242acb14681bfad5bf707b33) Importer(815301076,1909f56bfc062723c751e8b465ee728b)
Start importing Assets/Felix Prefabs/Weg_1.prefab using Guid(51cd586a242acb14681bfad5bf707b33) Importer(815301076,1909f56bfc062723c751e8b465ee728b)  -> (artifact id: '9f2389b27c1793b037026a041ffed05d') in 0.052256 seconds 
========================================================================
Received Import Request.
  Time since last request: 6.140064 seconds.
  path: Assets/Felix Prefabs/Weg_1.prefab
  artifactKey: Guid(51cd586a242acb14681bfad5bf707b33) Importer(815301076,1909f56bfc062723c751e8b465ee728b)
Start importing Assets/Felix Prefabs/Weg_1.prefab using Guid(51cd586a242acb14681bfad5bf707b33) Importer(815301076,1909f56bfc062723c751e8b465ee728b)  -> (artifact id: '0e82a19d2ecfa430e6c29059ebb057e4') in 0.045962 seconds 
========================================================================
Received Import Request.
  Time since last request: 5.387899 seconds.
  path: Assets/Felix Prefabs/Weg_1.prefab
  artifactKey: Guid(51cd586a242acb14681bfad5bf707b33) Importer(815301076,1909f56bfc062723c751e8b465ee728b)
Start importing Assets/Felix Prefabs/Weg_1.prefab using Guid(51cd586a242acb14681bfad5bf707b33) Importer(815301076,1909f56bfc062723c751e8b465ee728b)  -> (artifact id: 'b254f557cd23ddbdcdba8529877e989d') in 0.046660 seconds 
========================================================================
Received Import Request.
  Time since last request: 10.551037 seconds.
  path: Assets/Felix Prefabs/Weg_1.prefab
  artifactKey: Guid(51cd586a242acb14681bfad5bf707b33) Importer(815301076,1909f56bfc062723c751e8b465ee728b)
Start importing Assets/Felix Prefabs/Weg_1.prefab using Guid(51cd586a242acb14681bfad5bf707b33) Importer(815301076,1909f56bfc062723c751e8b465ee728b)  -> (artifact id: 'af88327b0edf43f79aa620ec3d2dfc3b') in 0.046136 seconds 
========================================================================
Received Import Request.
  Time since last request: 7.237030 seconds.
  path: Assets/materials
  artifactKey: Guid(15a4881e841a36b42a280b74d0e87c14) Importer(815301076,1909f56bfc062723c751e8b465ee728b)
Start importing Assets/materials using Guid(15a4881e841a36b42a280b74d0e87c14) Importer(815301076,1909f56bfc062723c751e8b465ee728b)  -> (artifact id: 'bee020c45ca6ba67ea3314090a856f71') in 0.004126 seconds 
========================================================================
Received Import Request.
  Time since last request: 0.908476 seconds.
  path: Assets/materials/3cf5151d0d234f11f7dc1e025b2c702d.jpg
  artifactKey: Guid(93d7c9a7760c1eb4b8ea13dd269ec614) Importer(815301076,1909f56bfc062723c751e8b465ee728b)
Start importing Assets/materials/3cf5151d0d234f11f7dc1e025b2c702d.jpg using Guid(93d7c9a7760c1eb4b8ea13dd269ec614) Importer(815301076,1909f56bfc062723c751e8b465ee728b)  -> (artifact id: '0c9e0f1e325969096e7e07094408cd8b') in 0.124631 seconds 
========================================================================
Received Import Request.
  Time since last request: 0.000046 seconds.
  path: Assets/materials/red 2.mat
  artifactKey: Guid(fe695a842b5a24741ae8fea3426b2868) Importer(815301076,1909f56bfc062723c751e8b465ee728b)
Start importing Assets/materials/red 2.mat using Guid(fe695a842b5a24741ae8fea3426b2868) Importer(815301076,1909f56bfc062723c751e8b465ee728b)  -> (artifact id: '627da19100a5f80b3526647177628b43') in 0.074278 seconds 
========================================================================
Received Import Request.
  Time since last request: 0.000039 seconds.
  path: Assets/materials/30_high_resolution_3k_architectural_concrete_seamless_textures_3d_model_c4d_max_obj_fbx_ma_lwo_3ds_3dm_stl_2359838_o.jpg
  artifactKey: Guid(02468a9e776ee6e419a4775f9673b6e9) Importer(815301076,1909f56bfc062723c751e8b465ee728b)
Start importing Assets/materials/30_high_resolution_3k_architectural_concrete_seamless_textures_3d_model_c4d_max_obj_fbx_ma_lwo_3ds_3dm_stl_2359838_o.jpg using Guid(02468a9e776ee6e419a4775f9673b6e9) Importer(815301076,1909f56bfc062723c751e8b465ee728b)  -> (artifact id: '35666776d2f199fab2461a215c2995ac') in 0.076352 seconds 
========================================================================
Received Import Request.
  Time since last request: 0.000032 seconds.
  path: Assets/materials/red 1.mat
  artifactKey: Guid(bcd4fe5caa6668e4ba60c99c1cfbf9cd) Importer(815301076,1909f56bfc062723c751e8b465ee728b)
Start importing Assets/materials/red 1.mat using Guid(bcd4fe5caa6668e4ba60c99c1cfbf9cd) Importer(815301076,1909f56bfc062723c751e8b465ee728b)  -> (artifact id: '9c04b8f4b316f77f044ad661c4c59d10') in 0.014883 seconds 
========================================================================
Received Import Request.
  Time since last request: 0.000041 seconds.
  path: Assets/materials/New Material 4.mat
  artifactKey: Guid(233a2b040229ff24bb5884c265d6d606) Importer(815301076,1909f56bfc062723c751e8b465ee728b)
Start importing Assets/materials/New Material 4.mat using Guid(233a2b040229ff24bb5884c265d6d606) Importer(815301076,1909f56bfc062723c751e8b465ee728b)  -> (artifact id: '2678391e283f5b2ee41fb3c0e4c28b9b') in 0.033508 seconds 
========================================================================
Received Import Request.
  Time since last request: 0.000028 seconds.
  path: Assets/materials/New Material 5.mat
  artifactKey: Guid(3e1067042c1ffa14ead74885620528fc) Importer(815301076,1909f56bfc062723c751e8b465ee728b)
Start importing Assets/materials/New Material 5.mat using Guid(3e1067042c1ffa14ead74885620528fc) Importer(815301076,1909f56bfc062723c751e8b465ee728b)  -> (artifact id: '6703b8eadc8f054546cec114cf1305de') in 0.061130 seconds 
========================================================================
Received Import Request.
  Time since last request: 0.000063 seconds.
  path: Assets/materials/New Material.mat
  artifactKey: Guid(eaedd6f3a5011d54d9696834d5146192) Importer(815301076,1909f56bfc062723c751e8b465ee728b)
Start importing Assets/materials/New Material.mat using Guid(eaedd6f3a5011d54d9696834d5146192) Importer(815301076,1909f56bfc062723c751e8b465ee728b)  -> (artifact id: 'f8f268dfc95b2cc3b0c9c648b9ac9cbb') in 0.074110 seconds 
========================================================================
Received Import Request.
  Time since last request: 0.000037 seconds.
  path: Assets/materials/Square.png
  artifactKey: Guid(8e1a16dce4a468f4abfe1bc31de83181) Importer(815301076,1909f56bfc062723c751e8b465ee728b)
Start importing Assets/materials/Square.png using Guid(8e1a16dce4a468f4abfe1bc31de83181) Importer(815301076,1909f56bfc062723c751e8b465ee728b)  -> (artifact id: '4353391b643b0d3c2cb71cecabb9e823') in 0.044632 seconds 
========================================================================
Received Import Request.
  Time since last request: 0.000030 seconds.
  path: Assets/materials/New Material 2.mat
  artifactKey: Guid(15867ef27867e96418f196674e89cdc8) Importer(815301076,1909f56bfc062723c751e8b465ee728b)
Start importing Assets/materials/New Material 2.mat using Guid(15867ef27867e96418f196674e89cdc8) Importer(815301076,1909f56bfc062723c751e8b465ee728b)  -> (artifact id: '592a6e18119147cf4c37289206ae76d3') in 0.030352 seconds 
========================================================================
Received Import Request.
  Time since last request: 0.000037 seconds.
  path: Assets/materials/New Material 7.mat
  artifactKey: Guid(1d5e8f6813de6714ba27b8cb0567b6a5) Importer(815301076,1909f56bfc062723c751e8b465ee728b)
Start importing Assets/materials/New Material 7.mat using Guid(1d5e8f6813de6714ba27b8cb0567b6a5) Importer(815301076,1909f56bfc062723c751e8b465ee728b)  -> (artifact id: '25390e2c89d2f960b17a9dbc6a98da75') in 0.023714 seconds 
========================================================================
Received Import Request.
  Time since last request: 0.000047 seconds.
  path: Assets/materials/New Material 9.mat
  artifactKey: Guid(9e48da15a1f2f564e8251368450b7089) Importer(815301076,1909f56bfc062723c751e8b465ee728b)
Start importing Assets/materials/New Material 9.mat using Guid(9e48da15a1f2f564e8251368450b7089) Importer(815301076,1909f56bfc062723c751e8b465ee728b)  -> (artifact id: 'cc81eea96cd9b4414e30fc1d1fc5208b') in 0.059578 seconds 
========================================================================
Received Import Request.
  Time since last request: 0.000030 seconds.
  path: Assets/materials/New Material 11.mat
  artifactKey: Guid(b2b00df020f886a498769234bbedc8f9) Importer(815301076,1909f56bfc062723c751e8b465ee728b)
Start importing Assets/materials/New Material 11.mat using Guid(b2b00df020f886a498769234bbedc8f9) Importer(815301076,1909f56bfc062723c751e8b465ee728b)  -> (artifact id: 'bf349e10f4661d4f76c2a789fb38a32a') in 0.015590 seconds 
========================================================================
Received Import Request.
  Time since last request: 0.000051 seconds.
  path: Assets/materials/red 3.mat
  artifactKey: Guid(9c3ae87ed50246a47aa77af01eb4adc4) Importer(815301076,1909f56bfc062723c751e8b465ee728b)
Start importing Assets/materials/red 3.mat using Guid(9c3ae87ed50246a47aa77af01eb4adc4) Importer(815301076,1909f56bfc062723c751e8b465ee728b)  -> (artifact id: 'c0d912762a1ef348fe999abbf0b38f7c') in 0.037331 seconds 
========================================================================
Received Import Request.
  Time since last request: 0.000046 seconds.
  path: Assets/materials/New Material 12.mat
  artifactKey: Guid(0b7506b0014b7384188f1d26760f28e9) Importer(815301076,1909f56bfc062723c751e8b465ee728b)
Start importing Assets/materials/New Material 12.mat using Guid(0b7506b0014b7384188f1d26760f28e9) Importer(815301076,1909f56bfc062723c751e8b465ee728b)  -> (artifact id: '98947a1541211ab15768c4ec232a3b4a') in 0.023222 seconds 
========================================================================
Received Import Request.
  Time since last request: 0.000034 seconds.
  path: Assets/materials/New Material 8.mat
  artifactKey: Guid(77fcb5405005b22419bc1a4a7a0c0e1e) Importer(815301076,1909f56bfc062723c751e8b465ee728b)
Start importing Assets/materials/New Material 8.mat using Guid(77fcb5405005b22419bc1a4a7a0c0e1e) Importer(815301076,1909f56bfc062723c751e8b465ee728b)  -> (artifact id: '8e5bea953fe4a5d25f16999f41efedff') in 0.016351 seconds 
========================================================================
Received Import Request.
  Time since last request: 0.000029 seconds.
  path: Assets/materials/New Material 3.mat
  artifactKey: Guid(d8aa875f4d554114fb2f2b277d5fa7e5) Importer(815301076,1909f56bfc062723c751e8b465ee728b)
Start importing Assets/materials/New Material 3.mat using Guid(d8aa875f4d554114fb2f2b277d5fa7e5) Importer(815301076,1909f56bfc062723c751e8b465ee728b)  -> (artifact id: '707dead4d06b861541e2f31b4da87fd1') in 0.014622 seconds 
========================================================================
Received Import Request.
  Time since last request: 1256.459588 seconds.
  path: Assets/SkySeries Freebie/6SidedFluffball.mat
  artifactKey: Guid(efd1c33efd2d58340b88804268e6833f) Importer(815301076,1909f56bfc062723c751e8b465ee728b)
Start importing Assets/SkySeries Freebie/6SidedFluffball.mat using Guid(efd1c33efd2d58340b88804268e6833f) Importer(815301076,1909f56bfc062723c751e8b465ee728b)  -> (artifact id: '5e8752bc6495c3ed9f23dbd08122d3d6') in 0.571112 seconds 
========================================================================
Received Import Request.
  Time since last request: 0.000039 seconds.
  path: Assets/SkySeries Freebie/HighFantasy.mat
  artifactKey: Guid(e2341a9d03e86ec4290c72b1e22bbc7c) Importer(815301076,1909f56bfc062723c751e8b465ee728b)
Start importing Assets/SkySeries Freebie/HighFantasy.mat using Guid(e2341a9d03e86ec4290c72b1e22bbc7c) Importer(815301076,1909f56bfc062723c751e8b465ee728b)  -> (artifact id: 'e6398c58f9ff1f3756261fa23dc22e2b') in 0.339650 seconds 
========================================================================
Received Import Request.
  Time since last request: 0.000052 seconds.
  path: Assets/SkySeries Freebie/UnearthlyRed.mat
  artifactKey: Guid(5d133deeaa66ed445853e946ff25e073) Importer(815301076,1909f56bfc062723c751e8b465ee728b)
Start importing Assets/SkySeries Freebie/UnearthlyRed.mat using Guid(5d133deeaa66ed445853e946ff25e073) Importer(815301076,1909f56bfc062723c751e8b465ee728b)  -> (artifact id: 'e3f57747f860321baf39b206dc2bb3ce') in 0.326738 seconds 
========================================================================
Received Import Request.
  Time since last request: 0.000051 seconds.
  path: Assets/SkySeries Freebie/6SidedMegaSun.mat
  artifactKey: Guid(c52c5d7968fa6c9499b0b5752f899bfb) Importer(815301076,1909f56bfc062723c751e8b465ee728b)
Start importing Assets/SkySeries Freebie/6SidedMegaSun.mat using Guid(c52c5d7968fa6c9499b0b5752f899bfb) Importer(815301076,1909f56bfc062723c751e8b465ee728b)  -> (artifact id: '9bcb69b242248db87b8ab0e13b88a1e7') in 1.029906 seconds 
========================================================================
Received Import Request.
  Time since last request: 0.000038 seconds.
  path: Assets/SkySeries Freebie/SkyhighFluffycloudField.mat
  artifactKey: Guid(f15c336556dd74f40aaca655f7767970) Importer(815301076,1909f56bfc062723c751e8b465ee728b)
Start importing Assets/SkySeries Freebie/SkyhighFluffycloudField.mat using Guid(f15c336556dd74f40aaca655f7767970) Importer(815301076,1909f56bfc062723c751e8b465ee728b)  -> (artifact id: 'bc0f714bf04a4de2a05f48da7862af77') in 0.047868 seconds 
========================================================================
Received Import Request.
  Time since last request: 0.000032 seconds.
  path: Assets/SkySeries Freebie/DarkStorm.mat
  artifactKey: Guid(2039a0ad0a9d05549928b70362f54902) Importer(815301076,1909f56bfc062723c751e8b465ee728b)
Start importing Assets/SkySeries Freebie/DarkStorm.mat using Guid(2039a0ad0a9d05549928b70362f54902) Importer(815301076,1909f56bfc062723c751e8b465ee728b)  -> (artifact id: 'c629846800b91a787185dde5b5095440') in 0.523429 seconds 
========================================================================
Received Import Request.
  Time since last request: 0.000038 seconds.
  path: Assets/SkySeries Freebie/AmbienceExposure.mat
  artifactKey: Guid(72deae4d18418f94688abef8e8483df0) Importer(815301076,1909f56bfc062723c751e8b465ee728b)
Start importing Assets/SkySeries Freebie/AmbienceExposure.mat using Guid(72deae4d18418f94688abef8e8483df0) Importer(815301076,1909f56bfc062723c751e8b465ee728b)  -> (artifact id: 'f437bbcd36d9ba2311fa0e74e1088f77') in 0.433830 seconds 
========================================================================
Received Import Request.
  Time since last request: 0.000038 seconds.
  path: Assets/SkySeries Freebie/FluffballDay.mat
  artifactKey: Guid(20d4f77b9022eab48b4d94599ed4bf82) Importer(815301076,1909f56bfc062723c751e8b465ee728b)
Start importing Assets/SkySeries Freebie/FluffballDay.mat using Guid(20d4f77b9022eab48b4d94599ed4bf82) Importer(815301076,1909f56bfc062723c751e8b465ee728b)  -> (artifact id: '5ba5a9465132a8ae3ed41acba2d9bfad') in 0.556391 seconds 
========================================================================
Received Import Request.
  Time since last request: 0.000037 seconds.
  path: Assets/SkySeries Freebie/MegaSun.mat
  artifactKey: Guid(cede08c9fc471e64884909cd4bbeaf59) Importer(815301076,1909f56bfc062723c751e8b465ee728b)
Start importing Assets/SkySeries Freebie/MegaSun.mat using Guid(cede08c9fc471e64884909cd4bbeaf59) Importer(815301076,1909f56bfc062723c751e8b465ee728b)  -> (artifact id: '12e09894d6a85ceb1214a3eef5f5de8f') in 0.475090 seconds 
========================================================================
Received Import Request.
  Time since last request: 5.408568 seconds.
  path: Assets/SkySeries Freebie/FreebieHdri/CloudedSunGlow4k.hdr
  artifactKey: Guid(12c15a8e5a294be45819b1dd4b9b08d3) Importer(815301076,1909f56bfc062723c751e8b465ee728b)
Start importing Assets/SkySeries Freebie/FreebieHdri/CloudedSunGlow4k.hdr using Guid(12c15a8e5a294be45819b1dd4b9b08d3) Importer(815301076,1909f56bfc062723c751e8b465ee728b)  -> (artifact id: 'ee3a396edaadfd72e1a463453b4d8489') in 0.058632 seconds 
========================================================================
Received Import Request.
  Time since last request: 96.788695 seconds.
  path: Assets/SkySeries Freebie/FreebieHdri/CoriolisNight4k.hdr
  artifactKey: Guid(354036e57ae357148aed267204ce73a7) Importer(815301076,1909f56bfc062723c751e8b465ee728b)
Start importing Assets/SkySeries Freebie/FreebieHdri/CoriolisNight4k.hdr using Guid(354036e57ae357148aed267204ce73a7) Importer(815301076,1909f56bfc062723c751e8b465ee728b)  -> (artifact id: '3f9827abe57b138f604a71cf8c7cf915') in 0.074355 seconds 
========================================================================
Received Import Request.
  Time since last request: 0.000056 seconds.
  path: Assets/SkySeries Freebie/FreebieHdri/FluffballDayLeft.hdr
  artifactKey: Guid(a78d8299279fda54098aca1c72ecfae1) Importer(815301076,1909f56bfc062723c751e8b465ee728b)
Start importing Assets/SkySeries Freebie/FreebieHdri/FluffballDayLeft.hdr using Guid(a78d8299279fda54098aca1c72ecfae1) Importer(815301076,1909f56bfc062723c751e8b465ee728b)  -> (artifact id: 'defc5fb203e688cdf00a41311f0efada') in 0.014601 seconds 
========================================================================
Received Import Request.
  Time since last request: 0.000049 seconds.
  path: Assets/SkySeries Freebie/FreebieHdri/CosmicCoolCloudRight.hdr
  artifactKey: Guid(438e868ac8cccca4e81873838a67c003) Importer(815301076,1909f56bfc062723c751e8b465ee728b)
Start importing Assets/SkySeries Freebie/FreebieHdri/CosmicCoolCloudRight.hdr using Guid(438e868ac8cccca4e81873838a67c003) Importer(815301076,1909f56bfc062723c751e8b465ee728b)  -> (artifact id: '7f0f36269a16e477d9ae237ec4a86c77') in 0.017456 seconds 
========================================================================
Received Import Request.
  Time since last request: 0.000028 seconds.
  path: Assets/SkySeries Freebie/FreebieHdri/SunlessCirruscover4k.hdr
  artifactKey: Guid(99af420a4ccafa74abdc47436d8b0685) Importer(815301076,1909f56bfc062723c751e8b465ee728b)
Start importing Assets/SkySeries Freebie/FreebieHdri/SunlessCirruscover4k.hdr using Guid(99af420a4ccafa74abdc47436d8b0685) Importer(815301076,1909f56bfc062723c751e8b465ee728b)  -> (artifact id: 'ac7ccf9b2a46e6e812141eb4d1a83835') in 0.048733 seconds 
========================================================================
Received Import Request.
  Time since last request: 0.000036 seconds.
  path: Assets/SkySeries Freebie/FreebieHdri/DayInTheClouds4k.hdr
  artifactKey: Guid(90196f2c2d8d2f2448717676e1a09894) Importer(815301076,1909f56bfc062723c751e8b465ee728b)
Start importing Assets/SkySeries Freebie/FreebieHdri/DayInTheClouds4k.hdr using Guid(90196f2c2d8d2f2448717676e1a09894) Importer(815301076,1909f56bfc062723c751e8b465ee728b)  -> (artifact id: '5266b4bf6be87e55738ddf2ee547c74d') in 0.056680 seconds 
========================================================================
Received Import Request.
  Time since last request: 0.000030 seconds.
  path: Assets/SkySeries Freebie/FreebieHdri/MegaSunRight.hdr
  artifactKey: Guid(f5760fc943c5eb643a2291630888f6a1) Importer(815301076,1909f56bfc062723c751e8b465ee728b)
Start importing Assets/SkySeries Freebie/FreebieHdri/MegaSunRight.hdr using Guid(f5760fc943c5eb643a2291630888f6a1) Importer(815301076,1909f56bfc062723c751e8b465ee728b)  -> (artifact id: 'f2dc9960f76714027ebf984f2cd756ce') in 0.012160 seconds 
========================================================================
Received Import Request.
  Time since last request: 0.000052 seconds.
  path: Assets/SkySeries Freebie/FreebieHdri/HighFantasy4k.hdr
  artifactKey: Guid(6e998e53d0a82bb45928cd08a0fcfff3) Importer(815301076,1909f56bfc062723c751e8b465ee728b)
Start importing Assets/SkySeries Freebie/FreebieHdri/HighFantasy4k.hdr using Guid(6e998e53d0a82bb45928cd08a0fcfff3) Importer(815301076,1909f56bfc062723c751e8b465ee728b)  -> (artifact id: '3274853e07a287c5914239fe96a5b86d') in 0.050551 seconds 
========================================================================
Received Import Request.
  Time since last request: 0.000038 seconds.
  path: Assets/SkySeries Freebie/FreebieHdri/PlanetaryEarth4k.hdr
  artifactKey: Guid(3675d0c3c874f6b479bab57eb7e68c90) Importer(815301076,1909f56bfc062723c751e8b465ee728b)
Start importing Assets/SkySeries Freebie/FreebieHdri/PlanetaryEarth4k.hdr using Guid(3675d0c3c874f6b479bab57eb7e68c90) Importer(815301076,1909f56bfc062723c751e8b465ee728b)  -> (artifact id: '3a9e202d5b36044a6bc0a0fd77367f19') in 0.050437 seconds 
========================================================================
Received Import Request.
  Time since last request: 0.000067 seconds.
  path: Assets/SkySeries Freebie/FreebieHdri/CosmicCoolCloudBottom.hdr
  artifactKey: Guid(94b877781ad034640abce933599b6f2e) Importer(815301076,1909f56bfc062723c751e8b465ee728b)
Start importing Assets/SkySeries Freebie/FreebieHdri/CosmicCoolCloudBottom.hdr using Guid(94b877781ad034640abce933599b6f2e) Importer(815301076,1909f56bfc062723c751e8b465ee728b)  -> (artifact id: '3bf5480b55a2587f85fedd517fa4546d') in 0.019497 seconds 
========================================================================
Received Import Request.
  Time since last request: 0.000034 seconds.
  path: Assets/SkySeries Freebie/FreebieHdri/MegaSun4k.hdr
  artifactKey: Guid(8967f190ed29c46418093a47d66daee8) Importer(815301076,1909f56bfc062723c751e8b465ee728b)
Start importing Assets/SkySeries Freebie/FreebieHdri/MegaSun4k.hdr using Guid(8967f190ed29c46418093a47d66daee8) Importer(815301076,1909f56bfc062723c751e8b465ee728b)  -> (artifact id: '4515721245e618bf09f6811609f9a8d4') in 0.050771 seconds 
========================================================================
Received Import Request.
  Time since last request: 0.000048 seconds.
  path: Assets/SkySeries Freebie/FreebieHdri/FluffballDay4k.hdr
  artifactKey: Guid(3e80b688af9b1d84ea52c5d36bb1cbbd) Importer(815301076,1909f56bfc062723c751e8b465ee728b)
Start importing Assets/SkySeries Freebie/FreebieHdri/FluffballDay4k.hdr using Guid(3e80b688af9b1d84ea52c5d36bb1cbbd) Importer(815301076,1909f56bfc062723c751e8b465ee728b)  -> (artifact id: 'c9e731d84b615ff74779b1db0453d85e') in 0.050218 seconds 
========================================================================
Received Import Request.
  Time since last request: 0.000043 seconds.
  path: Assets/SkySeries Freebie/FreebieHdri/MegaSunBottom.hdr
  artifactKey: Guid(3de85f3af41435a4c8f9d237bc1f19ec) Importer(815301076,1909f56bfc062723c751e8b465ee728b)
Start importing Assets/SkySeries Freebie/FreebieHdri/MegaSunBottom.hdr using Guid(3de85f3af41435a4c8f9d237bc1f19ec) Importer(815301076,1909f56bfc062723c751e8b465ee728b)  -> (artifact id: 'f85abb09683c0491630554b36ca02ec1') in 0.012461 seconds 
========================================================================
Received Import Request.
  Time since last request: 8.110367 seconds.
  path: Assets/SkySeries Freebie/ExampleScenes/SceneObjects/6_10.mat
  artifactKey: Guid(abcc3c67b7d0a794f8bb91be4e85abdd) Importer(815301076,1909f56bfc062723c751e8b465ee728b)
Start importing Assets/SkySeries Freebie/ExampleScenes/SceneObjects/6_10.mat using Guid(abcc3c67b7d0a794f8bb91be4e85abdd) Importer(815301076,1909f56bfc062723c751e8b465ee728b)  -> (artifact id: '0ba94a795e8cecb3d7db874557a7bd5d') in 0.015998 seconds 
========================================================================
Received Import Request.
  Time since last request: 0.000027 seconds.
  path: Assets/SkySeries Freebie/ExampleScenes/SceneObjects/DemoObjects.prefab
  artifactKey: Guid(88c20de6c1dc0f04abeaffaac0a9a6cf) Importer(815301076,1909f56bfc062723c751e8b465ee728b)
Start importing Assets/SkySeries Freebie/ExampleScenes/SceneObjects/DemoObjects.prefab using Guid(88c20de6c1dc0f04abeaffaac0a9a6cf) Importer(815301076,1909f56bfc062723c751e8b465ee728b)  -> (artifact id: '81321b70dc57c4a86b9012c1e8598794') in 0.026804 seconds 
========================================================================
Received Import Request.
  Time since last request: 0.000027 seconds.
  path: Assets/SkySeries Freebie/ExampleScenes/SceneObjects/8_10.mat
  artifactKey: Guid(964f6a34e2240bf45940918b112ce7be) Importer(815301076,1909f56bfc062723c751e8b465ee728b)
Start importing Assets/SkySeries Freebie/ExampleScenes/SceneObjects/8_10.mat using Guid(964f6a34e2240bf45940918b112ce7be) Importer(815301076,1909f56bfc062723c751e8b465ee728b)  -> (artifact id: 'b20d290dde81ed49546a93e02c5723a5') in 0.013088 seconds 
========================================================================
Received Prepare
Registering precompiled user dll's ...
Registered in 0.005972 seconds.
Begin MonoManager ReloadAssembly
Native extension for WindowsStandalone target not found
Refreshing native plugins compatible for Editor in 2.57 ms, found 4 plugins.
Preloading 0 native plugins for Editor in 0.00 ms.
Mono: successfully reloaded assembly
- Completed reload, in  1.771 seconds
Domain Reload Profiling:
	ReloadAssembly (1772ms)
		BeginReloadAssembly (223ms)
			ExecutionOrderSort (0ms)
			DisableScriptedObjects (10ms)
			BackupInstance (0ms)
			ReleaseScriptingObjects (0ms)
			CreateAndSetChildDomain (56ms)
		EndReloadAssembly (1370ms)
			LoadAssemblies (153ms)
			RebuildTransferFunctionScriptingTraits (0ms)
			SetupTypeCache (328ms)
			ReleaseScriptCaches (1ms)
			RebuildScriptCaches (66ms)
			SetupLoadedEditorAssemblies (773ms)
				LogAssemblyErrors (0ms)
				InitializePlatformSupportModulesInManaged (24ms)
				SetLoadedEditorAssemblies (1ms)
				RefreshPlugins (3ms)
				BeforeProcessingInitializeOnLoad (97ms)
				ProcessInitializeOnLoadAttributes (577ms)
				ProcessInitializeOnLoadMethodAttributes (52ms)
				AfterProcessingInitializeOnLoad (19ms)
				EditorAssembliesLoaded (0ms)
			ExecutionOrderSort2 (0ms)
			AwakeInstancesAfterBackupRestoration (12ms)
Platform modules already initialized, skipping
Refreshing native plugins compatible for Editor in 3.66 ms, found 4 plugins.
Preloading 0 native plugins for Editor in 0.00 ms.
Unloading 2807 Unused Serialized files (Serialized files now loaded: 0)
Unloading 23 unused Assets / (24.7 KB). Loaded Objects now: 3368.
Memory consumption went from 129.9 MB to 129.8 MB.
Total: 5.989100 ms (FindLiveObjects: 0.356800 ms CreateObjectMapping: 0.095900 ms MarkObjects: 5.493500 ms  DeleteObjects: 0.040200 ms)

AssetImportParameters requested are different than current active one (requested -> active):
  custom:video-decoder-ogg-theora: a1e56fd34408186e4bbccfd4996cb3dc -> 
  custom:container-muxer-webm: aa71ff27fc2769a1b78a27578f13a17b -> 
  custom:container-demuxer-webm: 4f35f7cbe854078d1ac9338744f61a02 -> 
  custom:video-encoder-webm-vp8: eb34c28f22e8b96e1ab97ce403110664 -> 
  custom:video-codec-MediaFoundation-h265: 746d11721c4dcdbdad8f713fa42b33f4 -> 
  custom:audio-encoder-webm-vorbis: bf7c407c2cedff20999df2af8eb42d56 -> 
  custom:framework-win-MediaFoundation: 216162199b28c13a410421893ffa2e32 -> 
  custom:container-demuxer-ogg: 62fdf1f143b41e24485cea50d1cbac27 -> 
  custom:video-decoder-webm-vp8: 9c59270c3fd7afecdb556c50c9e8de78 -> 
  custom:audio-decoder-ogg-vorbis: bf7c407c2cedff20999df2af8eb42d56 -> 
========================================================================
Received Import Request.
  Time since last request: 166.968432 seconds.
  path: Assets/Felix Prefabs/halbweg_rechts.prefab
  artifactKey: Guid(f26cdc90db3292f418dc1ad68c9b47d3) Importer(815301076,1909f56bfc062723c751e8b465ee728b)
Start importing Assets/Felix Prefabs/halbweg_rechts.prefab using Guid(f26cdc90db3292f418dc1ad68c9b47d3) Importer(815301076,1909f56bfc062723c751e8b465ee728b)  -> (artifact id: 'da4b94a2bce01f6788e40af00496a892') in 0.138276 seconds 
========================================================================
Received Import Request.
  Time since last request: 0.000032 seconds.
  path: Assets/Felix Prefabs/Weg_1.prefab
  artifactKey: Guid(51cd586a242acb14681bfad5bf707b33) Importer(815301076,1909f56bfc062723c751e8b465ee728b)
Start importing Assets/Felix Prefabs/Weg_1.prefab using Guid(51cd586a242acb14681bfad5bf707b33) Importer(815301076,1909f56bfc062723c751e8b465ee728b)  -> (artifact id: '3a1aeb1393ea0ccf020eef601f4937b3') in 0.052172 seconds 
========================================================================
Received Import Request.
  Time since last request: 310.096055 seconds.
  path: Assets/textures/wood/9e657ba3e0b841128a7e4519a3d87f8d.jpg
  artifactKey: Guid(62f79882d36abe249a0e3155b9021535) Importer(815301076,1909f56bfc062723c751e8b465ee728b)
Start importing Assets/textures/wood/9e657ba3e0b841128a7e4519a3d87f8d.jpg using Guid(62f79882d36abe249a0e3155b9021535) Importer(815301076,1909f56bfc062723c751e8b465ee728b)  -> (artifact id: 'c6212af4c51d1b1c02bdb4405af7cbef') in 0.022145 seconds 
========================================================================
Received Import Request.
  Time since last request: 0.003791 seconds.
  path: Assets/textures/wood/1530_Preview_2.jpg
  artifactKey: Guid(67f0e4591a0a69b49b23e0e8a60b4e08) Importer(815301076,1909f56bfc062723c751e8b465ee728b)
Start importing Assets/textures/wood/1530_Preview_2.jpg using Guid(67f0e4591a0a69b49b23e0e8a60b4e08) Importer(815301076,1909f56bfc062723c751e8b465ee728b)  -> (artifact id: 'a11787053bc8b63437c1afa72a16a372') in 0.016820 seconds 
========================================================================
Received Import Request.
  Time since last request: 0.000028 seconds.
  path: Assets/textures/wood/2108.jpg
  artifactKey: Guid(b663876c48b84584a9abcd1b01143b08) Importer(815301076,1909f56bfc062723c751e8b465ee728b)
Start importing Assets/textures/wood/2108.jpg using Guid(b663876c48b84584a9abcd1b01143b08) Importer(815301076,1909f56bfc062723c751e8b465ee728b)  -> (artifact id: 'a4a263eddf4f3c65011faff458bf910b') in 0.012134 seconds 
========================================================================
Received Import Request.
  Time since last request: 0.000036 seconds.
  path: Assets/textures/wood/785be94bd6dabfbdad4ff5840d1f1f95.jpg
  artifactKey: Guid(7081831f658e2da43a9773ac2ec5980b) Importer(815301076,1909f56bfc062723c751e8b465ee728b)
Start importing Assets/textures/wood/785be94bd6dabfbdad4ff5840d1f1f95.jpg using Guid(7081831f658e2da43a9773ac2ec5980b) Importer(815301076,1909f56bfc062723c751e8b465ee728b)  -> (artifact id: 'dd853765694b8dd5724409e924fb7eca') in 0.033769 seconds 
========================================================================
Received Import Request.
  Time since last request: 0.000025 seconds.
  path: Assets/textures/wood/istockphoto-1083666860-170667a.jpg
  artifactKey: Guid(322bd9fae2107b04c933654a8f3d43be) Importer(815301076,1909f56bfc062723c751e8b465ee728b)
Start importing Assets/textures/wood/istockphoto-1083666860-170667a.jpg using Guid(322bd9fae2107b04c933654a8f3d43be) Importer(815301076,1909f56bfc062723c751e8b465ee728b)  -> (artifact id: 'b39eb2e7c3dc5cfb474c1c2d251890b3') in 0.012966 seconds 
========================================================================
Received Import Request.
  Time since last request: 0.000028 seconds.
  path: Assets/textures/wood/img.jpeg
  artifactKey: Guid(9e99fa61e3b03d641839161723e085e4) Importer(815301076,1909f56bfc062723c751e8b465ee728b)
Start importing Assets/textures/wood/img.jpeg using Guid(9e99fa61e3b03d641839161723e085e4) Importer(815301076,1909f56bfc062723c751e8b465ee728b)  -> (artifact id: 'b76b1ff5b7cb50079791909d5d066d5c') in 0.026157 seconds 
========================================================================
Received Import Request.
  Time since last request: 0.000039 seconds.
  path: Assets/textures/wood/1530_Preview_3.jpg
  artifactKey: Guid(a9128c26cac8b3344a86cd11f2a0b617) Importer(815301076,1909f56bfc062723c751e8b465ee728b)
Start importing Assets/textures/wood/1530_Preview_3.jpg using Guid(a9128c26cac8b3344a86cd11f2a0b617) Importer(815301076,1909f56bfc062723c751e8b465ee728b)  -> (artifact id: 'fa590563eb8a8e73209f599d38da6923') in 0.013213 seconds 
Editor requested this worker to shutdown with reason: Scaling down because of idle timeout
AssetImportWorker is now disconnected from the server
Process exiting
Exiting without the bug reporter. Application will terminate with return code 0